Unloading /work/y07/shared/archer2-modules/modulefiles-cse/epcc-setup-env-profile
Loading cpe-cray
Loading cce/10.0.3
Loading craype/2.7.0
Loading craype-x86-rome
Loading libfabric/1.11.0.0.233
Loading craype-network-ofi
Loading cray-dsmml/0.1.2
Loading perftools-base/20.09.0
Loading xpmem/2.2.35-7.0.1.0_1.7__gd50fabf.shasta
Loading cray-mpich/8.0.15
Loading cray-libsci/20.08.1.2
Loading /work/y07/shared/archer2-modules/modulefiles-cse/epcc-setup-env
ERROR: Collection PrgEnv-gnu cannot be found
-- The C compiler identification is Clang 10.0.0
-- The CXX compiler identification is Clang 10.0.0
-- Check for working C compiler: /opt/cray/pe/craype/2.7.0/bin/cc
-- Check for working C compiler: /opt/cray/pe/craype/2.7.0/bin/cc -- works
-- Detecting C compiler ABI info
-- Detecting C compiler ABI info - done
-- Detecting C compile features
-- Detecting C compile features - done
-- Check for working CXX compiler: /opt/cray/pe/craype/2.7.0/bin/CC
-- Check for working CXX compiler: /opt/cray/pe/craype/2.7.0/bin/CC -- works
-- Detecting CXX compiler ABI info
-- Detecting CXX compiler ABI info - done
-- Detecting CXX compile features
-- Detecting CXX compile features - done
-- GPU acceleration is OFF
-- OMP acceleration is ON
-- MPI distribution is 1
-- Found MPI_C: /opt/cray/pe/craype/2.7.0/bin/cc (found version "3.1") 
-- Found MPI_CXX: /opt/cray/pe/craype/2.7.0/bin/CC (found version "3.1") 
-- Found MPI: TRUE (found version "3.1")  
-- Found OpenMP_C: -fopenmp (found version "4.5") 
-- Found OpenMP_CXX: -fopenmp (found version "4.5") 
-- Found OpenMP: TRUE (found version "4.5")  
-- Compiling compactUnitaryTimer.c to executable demo
-- Testing is 0
-- Configuring done
-- Generating done
-- Build files have been written to: /lus/cls01095/work/y18/y18/ambrown4/QuEST_Performance_v2.1.0/compactUnitary/archer2/35qubits32nodes1ranks128threads/build
Scanning dependencies of target QuEST
[ 10%] Building C object QuEST_v2.1.0-gcc10Patch/CMakeFiles/QuEST.dir/src/QuEST.c.o
[ 20%] Building C object QuEST_v2.1.0-gcc10Patch/CMakeFiles/QuEST.dir/src/QuEST_common.c.o
[ 30%] Building C object QuEST_v2.1.0-gcc10Patch/CMakeFiles/QuEST.dir/src/QuEST_qasm.c.o
[ 40%] Building C object QuEST_v2.1.0-gcc10Patch/CMakeFiles/QuEST.dir/src/QuEST_validation.c.o
[ 50%] Building C object QuEST_v2.1.0-gcc10Patch/CMakeFiles/QuEST.dir/src/mt19937ar.c.o
[ 60%] Building C object QuEST_v2.1.0-gcc10Patch/CMakeFiles/QuEST.dir/src/CPU/QuEST_cpu.c.o
[ 70%] Building C object QuEST_v2.1.0-gcc10Patch/CMakeFiles/QuEST.dir/src/CPU/QuEST_cpu_distributed.c.o
[ 80%] Linking C shared library libQuEST.so
[ 80%] Built target QuEST
Scanning dependencies of target demo
[ 90%] Building C object CMakeFiles/demo.dir/compactUnitaryTimer.c.o
[100%] Linking C executable demo
[100%] Built target demo
Total program execution: 1041.403205 s
Total program execution: 1041.446242 s
Total program execution: 1041.466319 s
Total program execution: 1041.426662 s
Total program execution: 1041.426231 s
Total program execution: 1041.426973 s
Total program execution: 1041.446784 s
Total program execution: 1041.406849 s
Total program execution: 1041.386980 s
Total program execution: 1041.446805 s
Total program execution: 1041.406534 s
Total program execution: 1041.406423 s
Total program execution: 1041.406514 s
Total program execution: 1041.386947 s
Total program execution: 1041.426880 s
Total program execution: 1041.427201 s
Total program execution: 1041.426996 s
Total program execution: 1041.426987 s
Total program execution: 1041.407083 s
Total program execution: 1041.427076 s
Total program execution: 1041.447063 s
Total program execution: 1041.427044 s
Total program execution: 1041.387235 s
Total program execution: 1041.467309 s
Total program execution: 1041.427568 s
Total program execution: 1041.387678 s
Total program execution: 1041.387729 s
Total program execution: 1041.407561 s
Total program execution: 1041.387809 s
Total program execution: 1041.387992 s
Total program execution: 1041.407899 s
QUBITS:
Number of qubits is 35.
Number of amps is 34359738368.
Number of amps per rank is 1073741824.
EXECUTION ENVIRONMENT:
Running distributed (MPI) version
Number of ranks is 32
OpenMP enabled
Number of threads available is 128
Precision: size of qreal is 8 bytes
Applied random circuit
VERIFICATION: norm error = -2.380318e-13
Total program execution: 1041.399071 s
