Unloading /work/y07/shared/archer2-modules/modulefiles-cse/epcc-setup-env-profile
Loading cpe-cray
Loading cce/10.0.3
Loading craype/2.7.0
Loading craype-x86-rome
Loading libfabric/1.11.0.0.233
Loading craype-network-ofi
Loading cray-dsmml/0.1.2
Loading perftools-base/20.09.0
Loading xpmem/2.2.35-7.0.1.0_1.7__gd50fabf.shasta
Loading cray-mpich/8.0.15
Loading cray-libsci/20.08.1.2
Loading /work/y07/shared/archer2-modules/modulefiles-cse/epcc-setup-env
ERROR: Collection PrgEnv-gnu cannot be found
-- The C compiler identification is Clang 10.0.0
-- The CXX compiler identification is Clang 10.0.0
-- Check for working C compiler: /opt/cray/pe/craype/2.7.0/bin/cc
-- Check for working C compiler: /opt/cray/pe/craype/2.7.0/bin/cc -- works
-- Detecting C compiler ABI info
-- Detecting C compiler ABI info - done
-- Detecting C compile features
-- Detecting C compile features - done
-- Check for working CXX compiler: /opt/cray/pe/craype/2.7.0/bin/CC
-- Check for working CXX compiler: /opt/cray/pe/craype/2.7.0/bin/CC -- works
-- Detecting CXX compiler ABI info
-- Detecting CXX compiler ABI info - done
-- Detecting CXX compile features
-- Detecting CXX compile features - done
-- GPU acceleration is OFF
-- OMP acceleration is ON
-- MPI distribution is 1
-- Found MPI_C: /opt/cray/pe/craype/2.7.0/bin/cc (found version "3.1") 
-- Found MPI_CXX: /opt/cray/pe/craype/2.7.0/bin/CC (found version "3.1") 
-- Found MPI: TRUE (found version "3.1")  
-- Found OpenMP_C: -fopenmp (found version "4.5") 
-- Found OpenMP_CXX: -fopenmp (found version "4.5") 
-- Found OpenMP: TRUE (found version "4.5")  
-- Compiling compactUnitaryTimer.c to executable demo
-- Testing is 0
-- Configuring done
-- Generating done
-- Build files have been written to: /lus/cls01095/work/y18/y18/ambrown4/QuEST_Performance_v2.1.0/compactUnitary/archer2/maxSizeWeakScaling/37qubits32nodes1ranks128threads/build
Scanning dependencies of target QuEST
[ 10%] Building C object QuEST_v2.1.0-gcc10Patch/CMakeFiles/QuEST.dir/src/QuEST.c.o
[ 20%] Building C object QuEST_v2.1.0-gcc10Patch/CMakeFiles/QuEST.dir/src/QuEST_common.c.o
[ 30%] Building C object QuEST_v2.1.0-gcc10Patch/CMakeFiles/QuEST.dir/src/QuEST_qasm.c.o
[ 40%] Building C object QuEST_v2.1.0-gcc10Patch/CMakeFiles/QuEST.dir/src/QuEST_validation.c.o
[ 50%] Building C object QuEST_v2.1.0-gcc10Patch/CMakeFiles/QuEST.dir/src/mt19937ar.c.o
[ 60%] Building C object QuEST_v2.1.0-gcc10Patch/CMakeFiles/QuEST.dir/src/CPU/QuEST_cpu.c.o
[ 70%] Building C object QuEST_v2.1.0-gcc10Patch/CMakeFiles/QuEST.dir/src/CPU/QuEST_cpu_distributed.c.o
[ 80%] Linking C shared library libQuEST.so
[ 80%] Built target QuEST
Scanning dependencies of target demo
[ 90%] Building C object CMakeFiles/demo.dir/compactUnitaryTimer.c.o
[100%] Linking C executable demo
[100%] Built target demo
Total program execution: 3966.854948 s
QUBITS:
Number of qubits is 37.
Number of amps is 137438953472.
Number of amps per rank is 4294967296.
EXECUTION ENVIRONMENT:
Running distributed (MPI) version
Number of ranks is 32
OpenMP enabled
Number of threads available is 128
Precision: size of qreal is 8 bytes
Applied random circuit
VERIFICATION: norm error = -2.513545e-13
Total program execution: 3966.836237 s
Total program execution: 3966.838029 s
Total program execution: 3966.856012 s
Total program execution: 3966.855350 s
Total program execution: 3966.876086 s
Total program execution: 3966.895974 s
Total program execution: 3966.836184 s
Total program execution: 3966.875773 s
Total program execution: 3966.835889 s
Total program execution: 3966.918089 s
Total program execution: 3967.011270 s
Total program execution: 3966.957109 s
Total program execution: 3967.006126 s
Total program execution: 3967.014233 s
Total program execution: 3967.081881 s
Total program execution: 3967.043977 s
Total program execution: 3966.955654 s
Total program execution: 3967.033600 s
Total program execution: 3967.061047 s
Total program execution: 3967.016384 s
Total program execution: 3967.036020 s
Total program execution: 3967.068096 s
Total program execution: 3967.097988 s
Total program execution: 3967.115730 s
Total program execution: 3967.112421 s
Total program execution: 3967.115232 s
Total program execution: 3967.126576 s
Total program execution: 3967.077335 s
Total program execution: 3967.116254 s
Total program execution: 3967.156078 s
Total program execution: 3967.157065 s
