Unloading /work/y07/shared/archer2-modules/modulefiles-cse/epcc-setup-env-profile
Loading cpe-cray
Loading cce/10.0.3
Loading craype/2.7.0
Loading craype-x86-rome
Loading libfabric/1.11.0.0.233
Loading craype-network-ofi
Loading cray-dsmml/0.1.2
Loading perftools-base/20.09.0
Loading xpmem/2.2.35-7.0.1.0_1.7__gd50fabf.shasta
Loading cray-mpich/8.0.15
Loading cray-libsci/20.08.1.2
Loading /work/y07/shared/archer2-modules/modulefiles-cse/epcc-setup-env
ERROR: Collection PrgEnv-gnu cannot be found
-- The C compiler identification is Clang 10.0.0
-- The CXX compiler identification is Clang 10.0.0
-- Check for working C compiler: /opt/cray/pe/craype/2.7.0/bin/cc
-- Check for working C compiler: /opt/cray/pe/craype/2.7.0/bin/cc -- works
-- Detecting C compiler ABI info
-- Detecting C compiler ABI info - done
-- Detecting C compile features
-- Detecting C compile features - done
-- Check for working CXX compiler: /opt/cray/pe/craype/2.7.0/bin/CC
-- Check for working CXX compiler: /opt/cray/pe/craype/2.7.0/bin/CC -- works
-- Detecting CXX compiler ABI info
-- Detecting CXX compiler ABI info - done
-- Detecting CXX compile features
-- Detecting CXX compile features - done
-- GPU acceleration is OFF
-- OMP acceleration is ON
-- MPI distribution is 1
-- Found MPI_C: /opt/cray/pe/craype/2.7.0/bin/cc (found version "3.1") 
-- Found MPI_CXX: /opt/cray/pe/craype/2.7.0/bin/CC (found version "3.1") 
-- Found MPI: TRUE (found version "3.1")  
-- Found OpenMP_C: -fopenmp (found version "4.5") 
-- Found OpenMP_CXX: -fopenmp (found version "4.5") 
-- Found OpenMP: TRUE (found version "4.5")  
-- Compiling compactUnitaryTimer.c to executable demo
-- Testing is 0
-- Configuring done
-- Generating done
-- Build files have been written to: /lus/cls01095/work/y18/y18/ambrown4/QuEST_Performance_v2.1.0/compactUnitary/archer2/37qubits128nodes8ranks16threads/build
Scanning dependencies of target QuEST
[ 10%] Building C object QuEST_v2.1.0-gcc10Patch/CMakeFiles/QuEST.dir/src/QuEST.c.o
[ 20%] Building C object QuEST_v2.1.0-gcc10Patch/CMakeFiles/QuEST.dir/src/QuEST_common.c.o
[ 30%] Building C object QuEST_v2.1.0-gcc10Patch/CMakeFiles/QuEST.dir/src/QuEST_qasm.c.o
[ 40%] Building C object QuEST_v2.1.0-gcc10Patch/CMakeFiles/QuEST.dir/src/QuEST_validation.c.o
[ 50%] Building C object QuEST_v2.1.0-gcc10Patch/CMakeFiles/QuEST.dir/src/mt19937ar.c.o
[ 60%] Building C object QuEST_v2.1.0-gcc10Patch/CMakeFiles/QuEST.dir/src/CPU/QuEST_cpu.c.o
[ 70%] Building C object QuEST_v2.1.0-gcc10Patch/CMakeFiles/QuEST.dir/src/CPU/QuEST_cpu_distributed.c.o
[ 80%] Linking C shared library libQuEST.so
[ 80%] Built target QuEST
Scanning dependencies of target demo
[ 90%] Building C object CMakeFiles/demo.dir/compactUnitaryTimer.c.o
[100%] Linking C executable demo
[100%] Built target demo
Total program execution: 860.555068 s
Total program execution: 860.555121 s
Total program execution: 860.555125 s
Total program execution: 860.555131 s
Total program execution: 860.555076 s
Total program execution: 860.555137 s
Total program execution: 860.586268 s
Total program execution: 860.555141 s
Total program execution: 860.555482 s
Total program execution: 860.515525 s
Total program execution: 860.594079 s
Total program execution: 860.586551 s
Total program execution: 860.594129 s
Total program execution: 860.594096 s
Total program execution: 860.594128 s
Total program execution: 860.555998 s
Total program execution: 860.594119 s
Total program execution: 860.594128 s
Total program execution: 860.556056 s
Total program execution: 860.586586 s
Total program execution: 860.594096 s
Total program execution: 860.627472 s
Total program execution: 860.545548 s
Total program execution: 860.594393 s
Total program execution: 860.594318 s
Total program execution: 860.556219 s
Total program execution: 860.556054 s
Total program execution: 860.586619 s
Total program execution: 860.627420 s
Total program execution: 860.556024 s
Total program execution: 860.586602 s
Total program execution: 860.627424 s
Total program execution: 860.556269 s
Total program execution: 860.556034 s
Total program execution: 860.586596 s
Total program execution: 860.554856 s
Total program execution: 860.594626 s
Total program execution: 860.627459 s
Total program execution: 860.556280 s
Total program execution: 860.556054 s
Total program execution: 860.586611 s
Total program execution: 860.627491 s
Total program execution: 860.556252 s
Total program execution: 860.556047 s
Total program execution: 860.586616 s
Total program execution: 860.554908 s
Total program execution: 860.594677 s
Total program execution: 860.627460 s
Total program execution: 860.556284 s
Total program execution: 860.556324 s
Total program execution: 860.586884 s
Total program execution: 860.554901 s
Total program execution: 860.594689 s
Total program execution: 860.627473 s
Total program execution: 860.556270 s
Total program execution: 860.554904 s
Total program execution: 860.594688 s
Total program execution: 860.627760 s
Total program execution: 860.555596 s
Total program execution: 860.556274 s
Total program execution: 860.554899 s
Total program execution: 860.594703 s
Total program execution: 860.556558 s
Total program execution: 860.554926 s
Total program execution: 860.594691 s
Total program execution: 860.554889 s
Total program execution: 860.594694 s
Total program execution: 860.555245 s
Total program execution: 860.594993 s
Total program execution: 860.555783 s
Total program execution: 860.586545 s
Total program execution: 860.595875 s
Total program execution: 860.556858 s
Total program execution: 860.556858 s
Total program execution: 860.556810 s
Total program execution: 860.554614 s
Total program execution: 860.556817 s
Total program execution: 860.556861 s
Total program execution: 860.554639 s
Total program execution: 860.556890 s
Total program execution: 860.554648 s
Total program execution: 860.556878 s
Total program execution: 860.554643 s
Total program execution: 860.557137 s
Total program execution: 860.554623 s
Total program execution: 860.554662 s
Total program execution: 860.554655 s
Total program execution: 860.546469 s
Total program execution: 860.554959 s
Total program execution: 860.546527 s
Total program execution: 860.546532 s
Total program execution: 860.627699 s
Total program execution: 860.517594 s
Total program execution: 860.597130 s
Total program execution: 860.546492 s
Total program execution: 860.596785 s
Total program execution: 860.546522 s
Total program execution: 860.557757 s
Total program execution: 860.627758 s
Total program execution: 860.586107 s
Total program execution: 860.597083 s
Total program execution: 860.546513 s
Total program execution: 860.596842 s
Total program execution: 860.627720 s
Total program execution: 860.586121 s
Total program execution: 860.597066 s
Total program execution: 860.546494 s
Total program execution: 860.596846 s
Total program execution: 860.627713 s
Total program execution: 860.586131 s
Total program execution: 860.597137 s
Total program execution: 860.546805 s
Total program execution: 860.596839 s
Total program execution: 860.627765 s
Total program execution: 860.586158 s
Total program execution: 860.597115 s
Total program execution: 860.596826 s
Total program execution: 860.627753 s
Total program execution: 860.586160 s
Total program execution: 860.597132 s
Total program execution: 860.596837 s
Total program execution: 860.627762 s
Total program execution: 860.586179 s
Total program execution: 860.548089 s
Total program execution: 860.597132 s
Total program execution: 860.596850 s
Total program execution: 860.517001 s
Total program execution: 860.628046 s
Total program execution: 860.586151 s
Total program execution: 860.597426 s
Total program execution: 860.597147 s
Total program execution: 860.586445 s
Total program execution: 860.516956 s
Total program execution: 860.517018 s
Total program execution: 860.548164 s
Total program execution: 860.517012 s
Total program execution: 860.547079 s
Total program execution: 860.517026 s
Total program execution: 860.517019 s
Total program execution: 860.548149 s
Total program execution: 860.517004 s
Total program execution: 860.548110 s
Total program execution: 860.517256 s
Total program execution: 860.548164 s
Total program execution: 860.547155 s
Total program execution: 860.548141 s
Total program execution: 860.548176 s
Total program execution: 860.547145 s
Total program execution: 860.548453 s
Total program execution: 860.547146 s
Total program execution: 860.547149 s
Total program execution: 860.547127 s
Total program execution: 860.547126 s
Total program execution: 860.547479 s
Total program execution: 860.519432 s
Total program execution: 860.519401 s
Total program execution: 860.519434 s
Total program execution: 860.519425 s
Total program execution: 860.519399 s
Total program execution: 860.519447 s
Total program execution: 860.519451 s
Total program execution: 860.519728 s
Total program execution: 860.643779 s
Total program execution: 860.576755 s
Total program execution: 860.576786 s
Total program execution: 860.576822 s
Total program execution: 860.576842 s
Total program execution: 860.543426 s
Total program execution: 860.576847 s
Total program execution: 860.576845 s
Total program execution: 860.576851 s
Total program execution: 860.543500 s
Total program execution: 860.543491 s
Total program execution: 860.577243 s
Total program execution: 860.543491 s
Total program execution: 860.543496 s
Total program execution: 860.543488 s
Total program execution: 860.543525 s
Total program execution: 860.543888 s
Total program execution: 860.577075 s
Total program execution: 860.577035 s
Total program execution: 860.577011 s
Total program execution: 860.577010 s
Total program execution: 860.577121 s
Total program execution: 860.617384 s
Total program execution: 860.576494 s
Total program execution: 860.577123 s
Total program execution: 860.577101 s
Total program execution: 860.617400 s
Total program execution: 860.575081 s
Total program execution: 860.617384 s
Total program execution: 860.577546 s
Total program execution: 860.617383 s
Total program execution: 860.617196 s
Total program execution: 860.575071 s
Total program execution: 860.567559 s
Total program execution: 860.575093 s
Total program execution: 860.617449 s
Total program execution: 860.577584 s
Total program execution: 860.617197 s
Total program execution: 860.577295 s
Total program execution: 860.575071 s
Total program execution: 860.615947 s
Total program execution: 860.617140 s
Total program execution: 860.575146 s
Total program execution: 860.617704 s
Total program execution: 860.567591 s
Total program execution: 860.577317 s
Total program execution: 860.649253 s
Total program execution: 860.617924 s
Total program execution: 860.617433 s
Total program execution: 860.615938 s
Total program execution: 860.577571 s
Total program execution: 860.567595 s
Total program execution: 860.617184 s
Total program execution: 860.577298 s
Total program execution: 860.577749 s
Total program execution: 860.575124 s
Total program execution: 860.617456 s
Total program execution: 860.615920 s
Total program execution: 860.608261 s
Total program execution: 860.567588 s
Total program execution: 860.577230 s
Total program execution: 860.649299 s
Total program execution: 860.575050 s
Total program execution: 860.617962 s
Total program execution: 860.576099 s
Total program execution: 860.615917 s
Total program execution: 860.577621 s
Total program execution: 860.567650 s
Total program execution: 860.617167 s
Total program execution: 860.577321 s
Total program execution: 860.649287 s
Total program execution: 860.546248 s
Total program execution: 860.617939 s
Total program execution: 860.546186 s
Total program execution: 860.576142 s
Total program execution: 860.615911 s
Total program execution: 860.615718 s
Total program execution: 860.577643 s
Total program execution: 860.567604 s
Total program execution: 860.617163 s
Total program execution: 860.577375 s
Total program execution: 860.649329 s
Total program execution: 860.575645 s
Total program execution: 860.546308 s
Total program execution: 860.618012 s
Total program execution: 860.609124 s
Total program execution: 860.576082 s
Total program execution: 860.615938 s
Total program execution: 860.608242 s
Total program execution: 860.577608 s
Total program execution: 860.567618 s
Total program execution: 860.617169 s
Total program execution: 860.577339 s
Total program execution: 860.546321 s
Total program execution: 860.546200 s
Total program execution: 860.609128 s
Total program execution: 860.576140 s
Total program execution: 860.615920 s
Total program execution: 860.608252 s
Total program execution: 860.577615 s
Total program execution: 860.617524 s
Total program execution: 860.649338 s
Total program execution: 860.546325 s
Total program execution: 860.618022 s
Total program execution: 860.546164 s
Total program execution: 860.609115 s
Total program execution: 860.576137 s
Total program execution: 860.616244 s
Total program execution: 860.649517 s
Total program execution: 860.608840 s
Total program execution: 860.608257 s
Total program execution: 860.578102 s
Total program execution: 860.577791 s
Total program execution: 860.649293 s
Total program execution: 860.546292 s
Total program execution: 860.617957 s
Total program execution: 860.546204 s
Total program execution: 860.609132 s
Total program execution: 860.576141 s
Total program execution: 860.649536 s
Total program execution: 860.608283 s
Total program execution: 860.649614 s
Total program execution: 860.568129 s
Total program execution: 860.617494 s
Total program execution: 860.578594 s
Total program execution: 860.579341 s
Total program execution: 860.649330 s
Total program execution: 860.537935 s
Total program execution: 860.650020 s
Total program execution: 860.578234 s
Total program execution: 860.618446 s
Total program execution: 860.546288 s
Total program execution: 860.617240 s
Total program execution: 860.650041 s
Total program execution: 860.609569 s
Total program execution: 860.577469 s
Total program execution: 860.618016 s
Total program execution: 860.546273 s
Total program execution: 860.617001 s
Total program execution: 860.569276 s
Total program execution: 860.609170 s
Total program execution: 860.576102 s
Total program execution: 860.649528 s
Total program execution: 860.608816 s
Total program execution: 860.617662 s
Total program execution: 860.617632 s
Total program execution: 860.578923 s
Total program execution: 860.608280 s
Total program execution: 860.649758 s
Total program execution: 860.618318 s
Total program execution: 860.578549 s
Total program execution: 860.618932 s
Total program execution: 860.577796 s
Total program execution: 860.650321 s
Total program execution: 860.617489 s
Total program execution: 860.578585 s
Total program execution: 860.579351 s
Total program execution: 860.649830 s
Total program execution: 860.537913 s
Total program execution: 860.650071 s
Total program execution: 860.578243 s
Total program execution: 860.618418 s
Total program execution: 860.546329 s
Total program execution: 860.577670 s
Total program execution: 860.617309 s
Total program execution: 860.650029 s
Total program execution: 860.609619 s
Total program execution: 860.577461 s
Total program execution: 860.618516 s
Total program execution: 860.546283 s
Total program execution: 860.617033 s
Total program execution: 860.569317 s
Total program execution: 860.578546 s
Total program execution: 860.609106 s
Total program execution: 860.576467 s
Total program execution: 860.568750 s
Total program execution: 860.649537 s
Total program execution: 860.608829 s
Total program execution: 860.578922 s
Total program execution: 860.608263 s
Total program execution: 860.649801 s
Total program execution: 860.618385 s
Total program execution: 860.578585 s
Total program execution: 860.579924 s
Total program execution: 860.617505 s
Total program execution: 860.578607 s
Total program execution: 860.579395 s
Total program execution: 860.537940 s
Total program execution: 860.650071 s
Total program execution: 860.578239 s
Total program execution: 860.618483 s
Total program execution: 860.546698 s
Total program execution: 860.577701 s
Total program execution: 860.617338 s
Total program execution: 860.650048 s
Total program execution: 860.609604 s
Total program execution: 860.577431 s
Total program execution: 860.617691 s
Total program execution: 860.546302 s
Total program execution: 860.617034 s
Total program execution: 860.569332 s
Total program execution: 860.578581 s
Total program execution: 860.609137 s
Total program execution: 860.568713 s
Total program execution: 860.649563 s
Total program execution: 860.608873 s
Total program execution: 860.578936 s
Total program execution: 860.578213 s
Total program execution: 860.608777 s
Total program execution: 860.649817 s
Total program execution: 860.618346 s
Total program execution: 860.578585 s
Total program execution: 860.619004 s
Total program execution: 860.618911 s
Total program execution: 860.617477 s
Total program execution: 860.578622 s
Total program execution: 860.579379 s
Total program execution: 860.537861 s
Total program execution: 860.650072 s
Total program execution: 860.578239 s
Total program execution: 860.618488 s
Total program execution: 860.577724 s
Total program execution: 860.617320 s
Total program execution: 860.650019 s
Total program execution: 860.577493 s
Total program execution: 860.546777 s
Total program execution: 860.617110 s
Total program execution: 860.569300 s
Total program execution: 860.578600 s
Total program execution: 860.609634 s
Total program execution: 860.539853 s
Total program execution: 860.568734 s
Total program execution: 860.650901 s
Total program execution: 860.649550 s
Total program execution: 860.608810 s
Total program execution: 860.578922 s
Total program execution: 860.649835 s
Total program execution: 860.618365 s
Total program execution: 860.578602 s
Total program execution: 860.617472 s
Total program execution: 860.578644 s
Total program execution: 860.579383 s
QUBITS:
Number of qubits is 37.
Number of amps is 137438953472.
Number of amps per rank is 134217728.
EXECUTION ENVIRONMENT:
Running distributed (MPI) version
Number of ranks is 1024
OpenMP enabled
Number of threads available is 16
Precision: size of qreal is 8 bytes
Applied random circuit
VERIFICATION: norm error = -2.513545e-13
Total program execution: 860.537981 s
Total program execution: 860.650018 s
Total program execution: 860.578228 s
Total program execution: 860.618520 s
Total program execution: 860.577719 s
Total program execution: 860.617327 s
Total program execution: 860.650101 s
Total program execution: 860.609657 s
Total program execution: 860.577502 s
Total program execution: 860.617742 s
Total program execution: 860.617058 s
Total program execution: 860.569332 s
Total program execution: 860.578557 s
Total program execution: 860.568740 s
Total program execution: 860.649594 s
Total program execution: 860.608844 s
Total program execution: 860.578951 s
Total program execution: 860.578296 s
Total program execution: 860.649835 s
Total program execution: 860.618372 s
Total program execution: 860.578685 s
Total program execution: 860.618986 s
Total program execution: 860.580254 s
Total program execution: 860.579333 s
Total program execution: 860.618945 s
Total program execution: 860.617545 s
Total program execution: 860.578663 s
Total program execution: 860.579369 s
Total program execution: 860.537944 s
Total program execution: 860.650113 s
Total program execution: 860.578306 s
Total program execution: 860.618507 s
Total program execution: 860.617545 s
Total program execution: 860.577701 s
Total program execution: 860.617306 s
Total program execution: 860.650078 s
Total program execution: 860.609603 s
Total program execution: 860.577471 s
Total program execution: 860.617743 s
Total program execution: 860.617111 s
Total program execution: 860.569328 s
Total program execution: 860.578564 s
Total program execution: 860.539879 s
Total program execution: 860.568720 s
Total program execution: 860.650098 s
Total program execution: 860.610312 s
Total program execution: 860.608840 s
Total program execution: 860.578933 s
Total program execution: 860.578304 s
Total program execution: 860.649831 s
Total program execution: 860.618381 s
Total program execution: 860.578664 s
Total program execution: 860.618999 s
Total program execution: 860.610700 s
Total program execution: 860.618973 s
Total program execution: 860.617547 s
Total program execution: 860.578634 s
Total program execution: 860.579399 s
Total program execution: 860.537942 s
Total program execution: 860.650119 s
Total program execution: 860.578293 s
Total program execution: 860.618501 s
Total program execution: 860.617598 s
Total program execution: 860.577700 s
Total program execution: 860.617285 s
Total program execution: 860.650106 s
Total program execution: 860.609637 s
Total program execution: 860.577532 s
Total program execution: 860.617119 s
Total program execution: 860.569334 s
Total program execution: 860.578582 s
Total program execution: 860.539876 s
Total program execution: 860.568748 s
Total program execution: 860.650990 s
Total program execution: 860.609282 s
Total program execution: 860.578989 s
Total program execution: 860.578264 s
Total program execution: 860.649839 s
Total program execution: 860.618375 s
Total program execution: 860.578657 s
Total program execution: 860.619049 s
Total program execution: 860.618990 s
Total program execution: 860.617926 s
Total program execution: 860.579068 s
Total program execution: 860.579807 s
Total program execution: 860.538386 s
Total program execution: 860.650635 s
Total program execution: 860.578764 s
Total program execution: 860.618968 s
Total program execution: 860.617558 s
Total program execution: 860.577727 s
Total program execution: 860.617697 s
Total program execution: 860.650544 s
Total program execution: 860.609585 s
Total program execution: 860.577863 s
Total program execution: 860.617729 s
Total program execution: 860.617621 s
Total program execution: 860.569627 s
Total program execution: 860.578594 s
Total program execution: 860.539879 s
Total program execution: 860.568738 s
Total program execution: 860.650952 s
Total program execution: 860.610352 s
Total program execution: 860.579509 s
Total program execution: 860.578260 s
Total program execution: 860.650263 s
Total program execution: 860.618718 s
Total program execution: 860.579018 s
Total program execution: 860.619060 s
Total program execution: 860.610567 s
Total program execution: 860.618995 s
Total program execution: 860.579108 s
Total program execution: 860.617596 s
Total program execution: 860.546766 s
Total program execution: 860.578265 s
Total program execution: 860.610120 s
Total program execution: 860.617713 s
Total program execution: 860.578875 s
Total program execution: 860.539908 s
Total program execution: 860.569114 s
Total program execution: 860.650993 s
Total program execution: 860.610319 s
Total program execution: 860.619555 s
Total program execution: 860.578266 s
Total program execution: 860.619066 s
Total program execution: 860.618975 s
Total program execution: 860.617581 s
Total program execution: 860.617736 s
Total program execution: 860.539933 s
Total program execution: 860.650989 s
Total program execution: 860.610355 s
Total program execution: 860.578294 s
Total program execution: 860.619014 s
Total program execution: 860.617592 s
Total program execution: 860.651534 s
Total program execution: 860.617749 s
Total program execution: 860.539932 s
Total program execution: 860.650973 s
Total program execution: 860.610353 s
Total program execution: 860.578647 s
Total program execution: 860.619574 s
Total program execution: 860.619366 s
Total program execution: 860.580506 s
Total program execution: 860.579116 s
Total program execution: 860.617615 s
Total program execution: 860.546831 s
Total program execution: 860.618068 s
Total program execution: 860.650956 s
Total program execution: 860.610355 s
Total program execution: 860.610506 s
Total program execution: 860.579137 s
Total program execution: 860.618024 s
Total program execution: 860.610351 s
Total program execution: 860.619371 s
Total program execution: 860.579125 s
Total program execution: 860.546827 s
Total program execution: 860.651487 s
Total program execution: 860.618183 s
Total program execution: 860.651410 s
Total program execution: 860.610713 s
Total program execution: 860.651370 s
Total program execution: 860.580509 s
Total program execution: 860.580376 s
Total program execution: 860.610481 s
Total program execution: 860.579117 s
Total program execution: 860.546832 s
Total program execution: 860.651479 s
Total program execution: 860.540443 s
Total program execution: 860.619385 s
Total program execution: 860.610463 s
Total program execution: 860.579167 s
Total program execution: 860.546857 s
Total program execution: 860.651522 s
Total program execution: 860.539879 s
Total program execution: 860.651341 s
Total program execution: 860.619375 s
Total program execution: 860.610436 s
Total program execution: 860.579158 s
Total program execution: 860.546860 s
Total program execution: 860.651520 s
Total program execution: 860.651354 s
Total program execution: 860.619351 s
Total program execution: 860.580421 s
Total program execution: 860.610530 s
Total program execution: 860.546859 s
Total program execution: 860.651529 s
Total program execution: 860.618228 s
Total program execution: 860.619344 s
Total program execution: 860.580524 s
Total program execution: 860.580416 s
Total program execution: 860.610525 s
Total program execution: 860.579552 s
Total program execution: 860.651563 s
Total program execution: 860.539939 s
Total program execution: 860.609949 s
Total program execution: 860.651388 s
Total program execution: 860.619329 s
Total program execution: 860.580511 s
Total program execution: 860.580388 s
Total program execution: 860.610522 s
Total program execution: 860.580587 s
Total program execution: 860.651852 s
Total program execution: 860.579872 s
Total program execution: 860.539924 s
Total program execution: 860.618236 s
Total program execution: 860.651767 s
Total program execution: 860.619312 s
Total program execution: 860.580509 s
Total program execution: 860.580443 s
Total program execution: 860.610873 s
Total program execution: 860.547403 s
Total program execution: 860.619314 s
Total program execution: 860.539879 s
Total program execution: 860.618246 s
Total program execution: 860.610007 s
Total program execution: 860.651405 s
Total program execution: 860.619660 s
Total program execution: 860.580543 s
Total program execution: 860.580425 s
Total program execution: 860.579897 s
Total program execution: 860.539931 s
Total program execution: 860.618213 s
Total program execution: 860.619851 s
Total program execution: 860.651384 s
Total program execution: 860.580537 s
Total program execution: 860.580451 s
Total program execution: 860.547340 s
Total program execution: 860.539927 s
Total program execution: 860.618199 s
Total program execution: 860.651433 s
Total program execution: 860.580756 s
Total program execution: 860.619352 s
Total program execution: 860.539932 s
Total program execution: 860.618271 s
Total program execution: 860.610033 s
Total program execution: 860.580633 s
Total program execution: 860.619305 s
Total program execution: 860.618640 s
Total program execution: 860.610033 s
Total program execution: 860.619893 s
Total program execution: 860.581190 s
Total program execution: 860.547378 s
Total program execution: 860.579966 s
Total program execution: 860.619348 s
Total program execution: 860.609985 s
Total program execution: 860.619877 s
Total program execution: 860.547397 s
Total program execution: 860.580650 s
Total program execution: 860.579942 s
Total program execution: 860.619332 s
Total program execution: 860.610035 s
Total program execution: 860.619899 s
Total program execution: 860.581080 s
Total program execution: 860.547366 s
Total program execution: 860.580600 s
Total program execution: 860.579978 s
Total program execution: 860.619344 s
Total program execution: 860.540416 s
Total program execution: 860.610015 s
Total program execution: 860.541238 s
Total program execution: 860.619859 s
Total program execution: 860.547401 s
Total program execution: 860.580627 s
Total program execution: 860.579943 s
Total program execution: 860.619360 s
Total program execution: 860.610364 s
Total program execution: 860.619886 s
Total program execution: 860.651959 s
Total program execution: 860.580641 s
Total program execution: 860.579986 s
Total program execution: 860.619738 s
Total program execution: 860.619935 s
Total program execution: 860.651908 s
Total program execution: 860.611136 s
Total program execution: 860.620793 s
Total program execution: 860.580631 s
Total program execution: 860.620785 s
Total program execution: 860.580956 s
Total program execution: 860.579781 s
Total program execution: 860.611141 s
Total program execution: 860.620840 s
Total program execution: 860.547372 s
Total program execution: 860.619733 s
Total program execution: 860.651844 s
Total program execution: 860.611118 s
Total program execution: 860.620830 s
Total program execution: 860.547367 s
Total program execution: 860.579861 s
Total program execution: 860.620306 s
Total program execution: 860.651898 s
Total program execution: 860.611120 s
Total program execution: 860.620856 s
Total program execution: 860.620818 s
Total program execution: 860.579820 s
Total program execution: 860.651889 s
Total program execution: 860.611148 s
Total program execution: 860.619896 s
Total program execution: 860.620891 s
Total program execution: 860.620817 s
Total program execution: 860.651867 s
Total program execution: 860.611164 s
Total program execution: 860.570648 s
Total program execution: 860.620825 s
Total program execution: 860.579861 s
Total program execution: 860.651839 s
Total program execution: 860.611167 s
Total program execution: 860.620802 s
Total program execution: 860.580537 s
Total program execution: 860.579878 s
Total program execution: 860.651834 s
Total program execution: 860.619961 s
Total program execution: 860.620913 s
Total program execution: 860.547868 s
Total program execution: 860.620827 s
Total program execution: 860.579844 s
Total program execution: 860.652243 s
Total program execution: 860.570664 s
Total program execution: 860.620240 s
Total program execution: 860.619971 s
Total program execution: 860.620904 s
Total program execution: 860.620890 s
Total program execution: 860.579872 s
Total program execution: 860.611637 s
Total program execution: 860.570671 s
Total program execution: 860.619928 s
Total program execution: 860.570660 s
Total program execution: 860.619944 s
Total program execution: 860.570722 s
Total program execution: 860.619962 s
Total program execution: 860.570680 s
Total program execution: 860.619968 s
Total program execution: 860.621393 s
Total program execution: 860.570641 s
Total program execution: 860.580222 s
Total program execution: 860.620347 s
Total program execution: 860.621365 s
Total program execution: 860.571125 s
Total program execution: 860.621357 s
Total program execution: 860.653409 s
Total program execution: 860.622100 s
Total program execution: 860.621314 s
Total program execution: 860.621375 s
Total program execution: 860.621361 s
Total program execution: 860.542625 s
Total program execution: 860.653410 s
Total program execution: 860.622119 s
Total program execution: 860.621365 s
Total program execution: 860.622154 s
Total program execution: 860.582800 s
Total program execution: 860.582911 s
Total program execution: 860.621365 s
Total program execution: 860.622170 s
Total program execution: 860.621365 s
Total program execution: 860.542634 s
Total program execution: 860.653426 s
Total program execution: 860.622163 s
Total program execution: 860.621739 s
Total program execution: 860.542622 s
Total program execution: 860.541711 s
Total program execution: 860.622162 s
Total program execution: 860.549019 s
Total program execution: 860.542601 s
Total program execution: 860.653427 s
Total program execution: 860.622190 s
Total program execution: 860.582555 s
Total program execution: 860.542625 s
Total program execution: 860.653397 s
Total program execution: 860.582522 s
Total program execution: 860.548986 s
Total program execution: 860.542627 s
Total program execution: 860.541742 s
Total program execution: 860.653480 s
Total program execution: 860.549009 s
Total program execution: 860.542618 s
Total program execution: 860.541788 s
Total program execution: 860.653442 s
Total program execution: 860.622567 s
Total program execution: 860.582601 s
Total program execution: 860.549022 s
Total program execution: 860.543014 s
Total program execution: 860.541731 s
Total program execution: 860.582610 s
Total program execution: 860.549009 s
Total program execution: 860.541730 s
Total program execution: 860.549023 s
Total program execution: 860.541786 s
Total program execution: 860.582623 s
Total program execution: 860.549000 s
Total program execution: 860.541800 s
Total program execution: 860.582597 s
Total program execution: 860.582607 s
Total program execution: 860.549421 s
Total program execution: 860.582583 s
Total program execution: 860.653987 s
Total program execution: 860.582926 s
Total program execution: 860.542296 s
Total program execution: 860.586313 s
Total program execution: 860.517656 s
Total program execution: 860.594369 s
Total program execution: 860.586604 s
Total program execution: 860.557758 s
Total program execution: 860.555814 s
Total program execution: 860.555616 s
Total program execution: 860.545567 s
Total program execution: 860.586332 s
Total program execution: 860.517570 s
Total program execution: 860.594394 s
Total program execution: 860.586600 s
Total program execution: 860.557716 s
Total program execution: 860.555773 s
Total program execution: 860.555632 s
Total program execution: 860.545611 s
Total program execution: 860.586349 s
Total program execution: 860.517657 s
Total program execution: 860.594401 s
Total program execution: 860.586574 s
Total program execution: 860.557759 s
Total program execution: 860.555797 s
Total program execution: 860.555625 s
Total program execution: 860.545589 s
Total program execution: 860.586324 s
Total program execution: 860.517617 s
Total program execution: 860.594350 s
Total program execution: 860.586565 s
Total program execution: 860.557752 s
Total program execution: 860.555791 s
Total program execution: 860.555634 s
Total program execution: 860.545585 s
Total program execution: 860.586320 s
Total program execution: 860.517624 s
Total program execution: 860.594403 s
Total program execution: 860.586585 s
Total program execution: 860.557728 s
Total program execution: 860.555789 s
Total program execution: 860.555627 s
Total program execution: 860.545610 s
Total program execution: 860.586331 s
Total program execution: 860.517650 s
Total program execution: 860.594399 s
Total program execution: 860.586610 s
Total program execution: 860.557721 s
Total program execution: 860.555762 s
Total program execution: 860.555644 s
Total program execution: 860.545602 s
Total program execution: 860.586596 s
Total program execution: 860.517921 s
Total program execution: 860.594703 s
Total program execution: 860.586914 s
Total program execution: 860.558044 s
Total program execution: 860.556023 s
Total program execution: 860.555903 s
Total program execution: 860.545871 s
Total program execution: 860.515575 s
Total program execution: 860.595849 s
Total program execution: 860.515604 s
Total program execution: 860.595895 s
Total program execution: 860.515593 s
Total program execution: 860.595903 s
Total program execution: 860.515563 s
Total program execution: 860.595899 s
Total program execution: 860.515548 s
Total program execution: 860.595902 s
Total program execution: 860.515532 s
Total program execution: 860.595914 s
Total program execution: 860.515904 s
Total program execution: 860.596198 s
Total program execution: 860.643823 s
Total program execution: 860.643823 s
Total program execution: 860.643798 s
Total program execution: 860.643804 s
Total program execution: 860.643798 s
Total program execution: 860.643817 s
Total program execution: 860.644126 s
Total program execution: 860.615751 s
Total program execution: 860.649629 s
Total program execution: 860.576519 s
Total program execution: 860.615779 s
Total program execution: 860.649629 s
Total program execution: 860.576513 s
Total program execution: 860.615783 s
Total program execution: 860.649649 s
Total program execution: 860.576488 s
Total program execution: 860.615771 s
Total program execution: 860.649661 s
Total program execution: 860.576517 s
Total program execution: 860.615771 s
Total program execution: 860.649663 s
Total program execution: 860.576535 s
Total program execution: 860.615769 s
Total program execution: 860.649623 s
Total program execution: 860.576536 s
Total program execution: 860.616121 s
Total program execution: 860.650167 s
Total program execution: 860.577012 s
Total program execution: 860.541263 s
Total program execution: 860.650304 s
Total program execution: 860.541242 s
Total program execution: 860.579922 s
Total program execution: 860.650311 s
Total program execution: 860.541313 s
Total program execution: 860.579951 s
Total program execution: 860.650288 s
Total program execution: 860.541312 s
Total program execution: 860.579945 s
Total program execution: 860.650334 s
Total program execution: 860.541291 s
Total program execution: 860.579970 s
Total program execution: 860.650338 s
Total program execution: 860.541270 s
Total program execution: 860.579958 s
Total program execution: 860.650262 s
Total program execution: 860.541802 s
Total program execution: 860.580011 s
Total program execution: 860.650700 s
Total program execution: 860.580518 s
Total program execution: 860.579341 s
Total program execution: 860.577821 s
Total program execution: 860.582973 s
Total program execution: 860.617688 s
Total program execution: 860.617630 s
Total program execution: 860.619575 s
Total program execution: 860.582820 s
Total program execution: 860.579313 s
Total program execution: 860.577824 s
Total program execution: 860.582947 s
Total program execution: 860.620296 s
Total program execution: 860.617755 s
Total program execution: 860.619785 s
Total program execution: 860.617625 s
Total program execution: 860.619594 s
Total program execution: 860.610589 s
Total program execution: 860.582819 s
Total program execution: 860.579378 s
Total program execution: 860.577849 s
Total program execution: 860.582967 s
Total program execution: 860.651845 s
Total program execution: 860.620284 s
Total program execution: 860.617756 s
Total program execution: 860.619778 s
Total program execution: 860.617637 s
Total program execution: 860.619560 s
Total program execution: 860.580240 s
Total program execution: 860.610581 s
Total program execution: 860.582838 s
Total program execution: 860.582738 s
Total program execution: 860.579366 s
Total program execution: 860.581181 s
Total program execution: 860.577829 s
Total program execution: 860.582987 s
Total program execution: 860.651849 s
Total program execution: 860.620341 s
Total program execution: 860.617670 s
Total program execution: 860.619812 s
Total program execution: 860.617681 s
Total program execution: 860.619634 s
Total program execution: 860.580260 s
Total program execution: 860.610566 s
Total program execution: 860.610710 s
Total program execution: 860.582924 s
Total program execution: 860.582712 s
Total program execution: 860.579339 s
Total program execution: 860.581125 s
Total program execution: 860.577840 s
Total program execution: 860.582978 s
Total program execution: 860.651847 s
Total program execution: 860.620315 s
Total program execution: 860.617677 s
Total program execution: 860.619774 s
Total program execution: 860.617667 s
Total program execution: 860.619606 s
Total program execution: 860.580285 s
Total program execution: 860.610637 s
Total program execution: 860.610658 s
Total program execution: 860.582888 s
Total program execution: 860.582776 s
Total program execution: 860.579353 s
Total program execution: 860.581204 s
Total program execution: 860.577856 s
Total program execution: 860.582957 s
Total program execution: 860.651852 s
Total program execution: 860.620322 s
Total program execution: 860.617750 s
Total program execution: 860.619785 s
Total program execution: 860.617606 s
Total program execution: 860.619611 s
Total program execution: 860.580225 s
Total program execution: 860.610591 s
Total program execution: 860.610724 s
Total program execution: 860.582912 s
Total program execution: 860.582721 s
Total program execution: 860.579769 s
Total program execution: 860.581198 s
Total program execution: 860.578326 s
Total program execution: 860.583411 s
Total program execution: 860.651880 s
Total program execution: 860.620291 s
Total program execution: 860.618148 s
Total program execution: 860.619804 s
Total program execution: 860.618091 s
Total program execution: 860.620083 s
Total program execution: 860.580244 s
Total program execution: 860.610629 s
Total program execution: 860.610673 s
Total program execution: 860.583342 s
Total program execution: 860.582715 s
Total program execution: 860.581206 s
Total program execution: 860.651918 s
Total program execution: 860.620736 s
Total program execution: 860.620269 s
Total program execution: 860.580270 s
Total program execution: 860.611037 s
Total program execution: 860.610727 s
Total program execution: 860.582803 s
Total program execution: 860.581206 s
Total program execution: 860.652401 s
Total program execution: 860.580745 s
Total program execution: 860.610714 s
Total program execution: 860.583134 s
Total program execution: 860.581548 s
Total program execution: 860.611060 s
