-- The C compiler identification is Intel 16.0.4.20160811
-- The CXX compiler identification is Intel 16.0.4.20160811
-- Check for working C compiler: /system/software/linux-x86_64/compilers/intel/intelPS-2016/bin/icc
-- Check for working C compiler: /system/software/linux-x86_64/compilers/intel/intelPS-2016/bin/icc -- works
-- Detecting C compiler ABI info
-- Detecting C compiler ABI info - done
-- Detecting C compile features
-- Detecting C compile features - done
-- Check for working CXX compiler: /system/software/linux-x86_64/compilers/intel/intelPS-2016/bin/icpc
-- Check for working CXX compiler: /system/software/linux-x86_64/compilers/intel/intelPS-2016/bin/icpc -- works
-- Detecting CXX compiler ABI info
-- Detecting CXX compiler ABI info - done
-- Detecting CXX compile features
-- Detecting CXX compile features - done
-- GPU acceleration is OFF
-- OMP acceleration is ON
-- MPI distribution is 1
-- Found MPI_C: /system/software/arcus-b/lib/mpi/mvapich2/2.1.0/intel-2016/lib/libmpi.so  
-- Found MPI_CXX: /system/software/arcus-b/lib/mpi/mvapich2/2.1.0/intel-2016/lib/libmpicxx.so;/system/software/arcus-b/lib/mpi/mvapich2/2.1.0/intel-2016/lib/libmpi.so  
-- Try OpenMP C flag = [-qopenmp]
-- Performing Test OpenMP_FLAG_DETECTED
-- Performing Test OpenMP_FLAG_DETECTED - Success
-- Try OpenMP CXX flag = [-qopenmp]
-- Performing Test OpenMP_FLAG_DETECTED
-- Performing Test OpenMP_FLAG_DETECTED - Success
-- Found OpenMP: -qopenmp  
-- Compiling compactUnitaryTimer.c to executable demo
-- Found PythonInterp: /usr/bin/python (found version "2.6.6") 
CMake Warning at CMakeLists.txt:68 (message):
  Usable Python 3.4+ not found on system -- Disabling testing


-- Testing is OFF
-- Configuring done
-- Generating done
-- Build files have been written to: /data/oerc-rse/oerc0113/QuEST_v2.1.0_performance/QuEST_Performance_2019/compactUnitary/arcus-b_CPU/36qubits64ranks16threads2Islands_reservation/build
Scanning dependencies of target QuEST
[ 10%] Building C object QuEST_v2.1.0/CMakeFiles/QuEST.dir/src/QuEST.c.o
[ 20%] Building C object QuEST_v2.1.0/CMakeFiles/QuEST.dir/src/QuEST_common.c.o
[ 30%] Building C object QuEST_v2.1.0/CMakeFiles/QuEST.dir/src/QuEST_qasm.c.o
[ 40%] Building C object QuEST_v2.1.0/CMakeFiles/QuEST.dir/src/QuEST_validation.c.o
[ 50%] Building C object QuEST_v2.1.0/CMakeFiles/QuEST.dir/src/mt19937ar.c.o
[ 60%] Building C object QuEST_v2.1.0/CMakeFiles/QuEST.dir/src/CPU/QuEST_cpu.c.o
[ 70%] Building C object QuEST_v2.1.0/CMakeFiles/QuEST.dir/src/CPU/QuEST_cpu_distributed.c.o
[ 80%] Linking C shared library libQuEST.so
[ 80%] Built target QuEST
Scanning dependencies of target demo
[ 90%] Building C object CMakeFiles/demo.dir/compactUnitaryTimer.c.o
[100%] Linking C executable demo
[100%] Built target demo
QUBITS:
Number of qubits is 36.
Number of amps is 68719476736.
Number of amps per rank is 1073741824.
EXECUTION ENVIRONMENT:
Running distributed (MPI) version
Number of ranks is 64
OpenMP enabled
Number of threads available is 16
Precision: size of qreal is 8 bytes
Applied random circuit
VERIFICATION: norm error = -2.438050e-13
Total program execution: 12738.776333 s
Total program execution: 12738.775736 s
Total program execution: 12738.775941 s
Total program execution: 12738.775701 s
Total program execution: 12738.776020 s
Total program execution: 12738.775980 s
Total program execution: 12738.776301 s
Total program execution: 12738.775451 s
Total program execution: 12738.775496 s
Total program execution: 12738.777093 s
Total program execution: 12738.774179 s
Total program execution: 12738.775738 s
Total program execution: 12738.775715 s
Total program execution: 12738.775742 s
Total program execution: 12738.774876 s
Total program execution: 12738.775993 s
Total program execution: 12738.775422 s
Total program execution: 12738.775990 s
Total program execution: 12738.774940 s
Total program execution: 12738.774986 s
Total program execution: 12738.775718 s
Total program execution: 12738.775553 s
Total program execution: 12738.776277 s
Total program execution: 12738.776590 s
Total program execution: 12738.775751 s
Total program execution: 12738.776042 s
Total program execution: 12738.775322 s
Total program execution: 12738.776422 s
Total program execution: 12738.775696 s
Total program execution: 12738.776291 s
Total program execution: 12738.775952 s
Total program execution: 12738.776274 s
Total program execution: 12739.768575 s
Total program execution: 12739.770204 s
Total program execution: 12739.770064 s
Total program execution: 12739.770336 s
Total program execution: 12739.769593 s
Total program execution: 12739.770576 s
Total program execution: 12739.770455 s
Total program execution: 12739.770053 s
Total program execution: 12739.769904 s
Total program execution: 12739.770873 s
Total program execution: 12739.770099 s
Total program execution: 12739.770642 s
Total program execution: 12739.771181 s
Total program execution: 12739.770906 s
Total program execution: 12739.770239 s
Total program execution: 12739.770110 s
Total program execution: 12739.769093 s
Total program execution: 12739.770555 s
Total program execution: 12739.771736 s
Total program execution: 12739.770540 s
Total program execution: 12739.770469 s
Total program execution: 12739.770264 s
Total program execution: 12739.769918 s
Total program execution: 12739.769108 s
Total program execution: 12739.770162 s
Total program execution: 12739.770396 s
Total program execution: 12739.769258 s
Total program execution: 12739.769881 s
Total program execution: 12739.770865 s
Total program execution: 12739.770634 s
Total program execution: 12739.770790 s
Total program execution: 12739.771305 s

real	212m20.351s
user	0m0.050s
sys	0m0.090s
