-- The C compiler identification is Intel 16.0.4.20160811
-- The CXX compiler identification is Intel 16.0.4.20160811
-- Check for working C compiler: /system/software/linux-x86_64/compilers/intel/intelPS-2016/bin/icc
-- Check for working C compiler: /system/software/linux-x86_64/compilers/intel/intelPS-2016/bin/icc -- works
-- Detecting C compiler ABI info
-- Detecting C compiler ABI info - done
-- Detecting C compile features
-- Detecting C compile features - done
-- Check for working CXX compiler: /system/software/linux-x86_64/compilers/intel/intelPS-2016/bin/icpc
-- Check for working CXX compiler: /system/software/linux-x86_64/compilers/intel/intelPS-2016/bin/icpc -- works
-- Detecting CXX compiler ABI info
-- Detecting CXX compiler ABI info - done
-- Detecting CXX compile features
-- Detecting CXX compile features - done
-- GPU acceleration is OFF
-- OMP acceleration is ON
-- MPI distribution is 1
-- Found MPI_C: /system/software/arcus-b/lib/mpi/mvapich2/2.1.0/intel-2016/lib/libmpi.so  
-- Found MPI_CXX: /system/software/arcus-b/lib/mpi/mvapich2/2.1.0/intel-2016/lib/libmpicxx.so;/system/software/arcus-b/lib/mpi/mvapich2/2.1.0/intel-2016/lib/libmpi.so  
-- Try OpenMP C flag = [-qopenmp]
-- Performing Test OpenMP_FLAG_DETECTED
-- Performing Test OpenMP_FLAG_DETECTED - Success
-- Try OpenMP CXX flag = [-qopenmp]
-- Performing Test OpenMP_FLAG_DETECTED
-- Performing Test OpenMP_FLAG_DETECTED - Success
-- Found OpenMP: -qopenmp  
-- Compiling compactUnitaryTimer.c to executable demo
-- Found PythonInterp: /usr/bin/python (found version "2.6.6") 
CMake Warning at CMakeLists.txt:68 (message):
  Usable Python 3.4+ not found on system -- Disabling testing


-- Testing is OFF
-- Configuring done
-- Generating done
-- Build files have been written to: /data/oerc-rse/oerc0113/QuEST_v2.1.0_performance/QuEST_Performance_2019/compactUnitary/arcus-b_CPU/35qubits32ranks16threads/build
Scanning dependencies of target QuEST
[ 10%] Building C object QuEST_v2.1.0/CMakeFiles/QuEST.dir/src/QuEST.c.o
[ 20%] Building C object QuEST_v2.1.0/CMakeFiles/QuEST.dir/src/QuEST_common.c.o
[ 30%] Building C object QuEST_v2.1.0/CMakeFiles/QuEST.dir/src/QuEST_qasm.c.o
[ 40%] Building C object QuEST_v2.1.0/CMakeFiles/QuEST.dir/src/QuEST_validation.c.o
[ 50%] Building C object QuEST_v2.1.0/CMakeFiles/QuEST.dir/src/mt19937ar.c.o
[ 60%] Building C object QuEST_v2.1.0/CMakeFiles/QuEST.dir/src/CPU/QuEST_cpu.c.o
[ 70%] Building C object QuEST_v2.1.0/CMakeFiles/QuEST.dir/src/CPU/QuEST_cpu_distributed.c.o
[ 80%] Linking C shared library libQuEST.so
[ 80%] Built target QuEST
Scanning dependencies of target demo
[ 90%] Building C object CMakeFiles/demo.dir/compactUnitaryTimer.c.o
[100%] Linking C executable demo
[100%] Built target demo
QUBITS:
Number of qubits is 35.
Number of amps is 34359738368.
Number of amps per rank is 1073741824.
EXECUTION ENVIRONMENT:
Running distributed (MPI) version
Number of ranks is 32
OpenMP enabled
Number of threads available is 16
Precision: size of qreal is 8 bytes
Applied random circuit
VERIFICATION: norm error = -2.373657e-13
Total program execution: 9840.920302 s
Total program execution: 9840.920116 s
Total program execution: 9840.918277 s
Total program execution: 9840.918541 s
Total program execution: 9840.920182 s
Total program execution: 9840.921983 s
Total program execution: 9840.920972 s
Total program execution: 9840.919242 s
Total program execution: 9840.920716 s
Total program execution: 9840.922927 s
Total program execution: 9840.921000 s
Total program execution: 9840.920762 s
Total program execution: 9840.919734 s
Total program execution: 9840.920358 s
Total program execution: 9840.919993 s
Total program execution: 9840.930170 s
Total program execution: 9841.913015 s
Total program execution: 9841.913376 s
Total program execution: 9841.913818 s
Total program execution: 9841.914217 s
Total program execution: 9841.914021 s
Total program execution: 9841.914030 s
Total program execution: 9841.915965 s
Total program execution: 9841.914025 s
Total program execution: 9841.913611 s
Total program execution: 9841.914604 s
Total program execution: 9841.915966 s
Total program execution: 9841.913491 s
Total program execution: 9841.917227 s
Total program execution: 9841.924744 s
Total program execution: 9841.928752 s
Total program execution: 9841.928686 s

real	164m3.068s
user	0m0.048s
sys	0m0.065s
