Unloading /work/y07/shared/archer2-modules/modulefiles-cse/epcc-setup-env-profile
Loading cpe-cray
Loading cce/10.0.3
Loading craype/2.7.0
Loading craype-x86-rome
Loading libfabric/1.11.0.0.233
Loading craype-network-ofi
Loading cray-dsmml/0.1.2
Loading perftools-base/20.09.0
Loading xpmem/2.2.35-7.0.1.0_1.7__gd50fabf.shasta
Loading cray-mpich/8.0.15
Loading cray-libsci/20.08.1.2
Loading /work/y07/shared/archer2-modules/modulefiles-cse/epcc-setup-env
ERROR: Collection PrgEnv-gnu cannot be found
-- The C compiler identification is Clang 10.0.0
-- The CXX compiler identification is Clang 10.0.0
-- Check for working C compiler: /opt/cray/pe/craype/2.7.0/bin/cc
-- Check for working C compiler: /opt/cray/pe/craype/2.7.0/bin/cc -- works
-- Detecting C compiler ABI info
-- Detecting C compiler ABI info - done
-- Detecting C compile features
-- Detecting C compile features - done
-- Check for working CXX compiler: /opt/cray/pe/craype/2.7.0/bin/CC
-- Check for working CXX compiler: /opt/cray/pe/craype/2.7.0/bin/CC -- works
-- Detecting CXX compiler ABI info
-- Detecting CXX compiler ABI info - done
-- Detecting CXX compile features
-- Detecting CXX compile features - done
-- GPU acceleration is OFF
-- OMP acceleration is ON
-- MPI distribution is 1
-- Found MPI_C: /opt/cray/pe/craype/2.7.0/bin/cc (found version "3.1") 
-- Found MPI_CXX: /opt/cray/pe/craype/2.7.0/bin/CC (found version "3.1") 
-- Found MPI: TRUE (found version "3.1")  
-- Found OpenMP_C: -fopenmp (found version "4.5") 
-- Found OpenMP_CXX: -fopenmp (found version "4.5") 
-- Found OpenMP: TRUE (found version "4.5")  
-- Compiling compactUnitaryTimer.c to executable demo
-- Testing is 0
-- Configuring done
-- Generating done
-- Build files have been written to: /lus/cls01095/work/y18/y18/ambrown4/QuEST_Performance_v2.1.0/compactUnitary/archer2/39qubits512nodes1ranks128threads/build
Scanning dependencies of target QuEST
[ 10%] Building C object QuEST_v2.1.0-gcc10Patch/CMakeFiles/QuEST.dir/src/QuEST.c.o
[ 20%] Building C object QuEST_v2.1.0-gcc10Patch/CMakeFiles/QuEST.dir/src/QuEST_common.c.o
[ 30%] Building C object QuEST_v2.1.0-gcc10Patch/CMakeFiles/QuEST.dir/src/QuEST_qasm.c.o
[ 40%] Building C object QuEST_v2.1.0-gcc10Patch/CMakeFiles/QuEST.dir/src/QuEST_validation.c.o
[ 50%] Building C object QuEST_v2.1.0-gcc10Patch/CMakeFiles/QuEST.dir/src/mt19937ar.c.o
[ 60%] Building C object QuEST_v2.1.0-gcc10Patch/CMakeFiles/QuEST.dir/src/CPU/QuEST_cpu.c.o
[ 70%] Building C object QuEST_v2.1.0-gcc10Patch/CMakeFiles/QuEST.dir/src/CPU/QuEST_cpu_distributed.c.o
[ 80%] Linking C shared library libQuEST.so
[ 80%] Built target QuEST
Scanning dependencies of target demo
[ 90%] Building C object CMakeFiles/demo.dir/compactUnitaryTimer.c.o
[100%] Linking C executable demo
[100%] Built target demo
Total program execution: 2274.483257 s
Total program execution: 2274.523220 s
Total program execution: 2274.562112 s
Total program execution: 2274.404293 s
Total program execution: 2274.483083 s
Total program execution: 2274.445010 s
Total program execution: 2274.405056 s
Total program execution: 2274.365074 s
Total program execution: 2274.525008 s
Total program execution: 2274.485428 s
Total program execution: 2274.485563 s
Total program execution: 2274.445669 s
Total program execution: 2274.526334 s
Total program execution: 2274.485405 s
Total program execution: 2274.527006 s
Total program execution: 2274.565120 s
Total program execution: 2274.605881 s
Total program execution: 2274.447294 s
Total program execution: 2274.406949 s
Total program execution: 2274.447147 s
Total program execution: 2274.387137 s
Total program execution: 2274.366981 s
Total program execution: 2274.447090 s
Total program execution: 2274.427274 s
Total program execution: 2274.407035 s
Total program execution: 2274.445600 s
Total program execution: 2274.485403 s
Total program execution: 2274.405685 s
Total program execution: 2274.486994 s
Total program execution: 2274.605865 s
Total program execution: 2274.565534 s
Total program execution: 2274.446231 s
Total program execution: 2274.526771 s
Total program execution: 2274.487265 s
Total program execution: 2274.447011 s
Total program execution: 2274.605619 s
Total program execution: 2274.486590 s
Total program execution: 2274.447273 s
Total program execution: 2274.527352 s
Total program execution: 2274.407347 s
Total program execution: 2274.565854 s
Total program execution: 2274.526042 s
Total program execution: 2274.446292 s
Total program execution: 2274.407547 s
Total program execution: 2274.447381 s
Total program execution: 2274.527446 s
Total program execution: 2274.485900 s
Total program execution: 2274.447381 s
Total program execution: 2274.526055 s
Total program execution: 2274.527750 s
Total program execution: 2274.445912 s
Total program execution: 2274.367361 s
Total program execution: 2274.407412 s
Total program execution: 2274.367233 s
Total program execution: 2274.525521 s
Total program execution: 2274.485627 s
Total program execution: 2274.407132 s
Total program execution: 2274.527335 s
Total program execution: 2274.447534 s
Total program execution: 2274.487161 s
Total program execution: 2274.447204 s
Total program execution: 2274.527059 s
Total program execution: 2274.567611 s
Total program execution: 2274.487431 s
Total program execution: 2274.407087 s
Total program execution: 2274.407253 s
Total program execution: 2274.605934 s
Total program execution: 2274.567387 s
Total program execution: 2274.527486 s
Total program execution: 2274.447655 s
Total program execution: 2274.466477 s
Total program execution: 2274.487862 s
Total program execution: 2274.467611 s
Total program execution: 2274.407156 s
Total program execution: 2274.487537 s
Total program execution: 2274.406366 s
Total program execution: 2274.527487 s
Total program execution: 2274.447590 s
Total program execution: 2274.406209 s
Total program execution: 2274.446211 s
Total program execution: 2274.526291 s
Total program execution: 2274.447924 s
Total program execution: 2274.526270 s
Total program execution: 2274.567667 s
Total program execution: 2274.407638 s
Total program execution: 2274.447773 s
Total program execution: 2274.407672 s
Total program execution: 2274.407706 s
Total program execution: 2274.567503 s
Total program execution: 2274.486045 s
Total program execution: 2274.486387 s
Total program execution: 2274.407715 s
Total program execution: 2274.567660 s
Total program execution: 2274.566296 s
Total program execution: 2274.447563 s
Total program execution: 2274.367404 s
Total program execution: 2274.447695 s
Total program execution: 2274.447686 s
Total program execution: 2274.526309 s
Total program execution: 2274.566168 s
Total program execution: 2274.526384 s
Total program execution: 2274.566513 s
Total program execution: 2274.487708 s
Total program execution: 2274.307683 s
Total program execution: 2274.446120 s
Total program execution: 2274.407721 s
Total program execution: 2274.487383 s
Total program execution: 2274.446547 s
Total program execution: 2274.506826 s
Total program execution: 2274.566595 s
Total program execution: 2274.527721 s
Total program execution: 2274.407657 s
Total program execution: 2274.468028 s
Total program execution: 2274.388087 s
Total program execution: 2274.445795 s
Total program execution: 2274.446381 s
Total program execution: 2274.487884 s
Total program execution: 2274.367775 s
Total program execution: 2274.526275 s
Total program execution: 2274.447835 s
Total program execution: 2274.486174 s
Total program execution: 2274.566633 s
Total program execution: 2274.367990 s
Total program execution: 2274.426596 s
Total program execution: 2274.486217 s
Total program execution: 2274.486468 s
Total program execution: 2274.486282 s
Total program execution: 2274.446566 s
Total program execution: 2274.407765 s
Total program execution: 2274.487854 s
Total program execution: 2274.446616 s
Total program execution: 2274.388152 s
Total program execution: 2274.368089 s
Total program execution: 2274.408170 s
Total program execution: 2274.407470 s
Total program execution: 2274.407904 s
Total program execution: 2274.427898 s
Total program execution: 2274.407608 s
Total program execution: 2274.466877 s
Total program execution: 2274.547152 s
Total program execution: 2274.487643 s
Total program execution: 2274.367586 s
Total program execution: 2274.527911 s
Total program execution: 2274.447836 s
Total program execution: 2274.447664 s
Total program execution: 2274.528141 s
Total program execution: 2274.527795 s
Total program execution: 2274.367679 s
Total program execution: 2274.487734 s
Total program execution: 2274.447310 s
Total program execution: 2274.606720 s
Total program execution: 2274.486689 s
Total program execution: 2274.527804 s
Total program execution: 2274.566429 s
Total program execution: 2274.488029 s
Total program execution: 2274.367634 s
Total program execution: 2274.487891 s
Total program execution: 2274.447843 s
Total program execution: 2274.327814 s
Total program execution: 2274.486425 s
Total program execution: 2274.447870 s
Total program execution: 2274.488023 s
Total program execution: 2274.486778 s
Total program execution: 2274.446342 s
Total program execution: 2274.487983 s
Total program execution: 2274.566576 s
Total program execution: 2274.486714 s
Total program execution: 2274.607846 s
Total program execution: 2274.447787 s
Total program execution: 2274.527926 s
Total program execution: 2274.567512 s
Total program execution: 2274.526710 s
Total program execution: 2274.487386 s
Total program execution: 2274.367792 s
Total program execution: 2274.486440 s
Total program execution: 2274.646541 s
Total program execution: 2274.496791 s
Total program execution: 2274.527782 s
Total program execution: 2274.406380 s
Total program execution: 2274.457625 s
Total program execution: 2274.607862 s
Total program execution: 2274.526635 s
Total program execution: 2274.427995 s
Total program execution: 2274.447968 s
Total program execution: 2274.386928 s
Total program execution: 2274.388406 s
Total program execution: 2274.448103 s
Total program execution: 2274.528070 s
Total program execution: 2274.507104 s
Total program execution: 2274.568272 s
Total program execution: 2274.367857 s
Total program execution: 2274.447584 s
Total program execution: 2274.528450 s
Total program execution: 2274.408045 s
Total program execution: 2274.348189 s
Total program execution: 2274.526771 s
Total program execution: 2274.447958 s
Total program execution: 2274.428214 s
Total program execution: 2274.368581 s
Total program execution: 2274.466837 s
Total program execution: 2274.448081 s
Total program execution: 2274.368245 s
Total program execution: 2274.428166 s
Total program execution: 2274.328330 s
Total program execution: 2274.367979 s
Total program execution: 2274.388271 s
Total program execution: 2274.448074 s
Total program execution: 2274.408207 s
Total program execution: 2274.526877 s
Total program execution: 2274.448319 s
Total program execution: 2274.426687 s
Total program execution: 2274.486793 s
Total program execution: 2274.488131 s
Total program execution: 2274.526888 s
Total program execution: 2274.407841 s
Total program execution: 2274.487995 s
Total program execution: 2274.448456 s
Total program execution: 2274.368122 s
Total program execution: 2274.448303 s
Total program execution: 2274.488205 s
Total program execution: 2274.488233 s
Total program execution: 2274.488283 s
Total program execution: 2274.408427 s
Total program execution: 2274.466754 s
Total program execution: 2274.406917 s
Total program execution: 2274.487931 s
Total program execution: 2274.526616 s
Total program execution: 2274.368012 s
Total program execution: 2274.528163 s
Total program execution: 2274.527061 s
Total program execution: 2274.448167 s
Total program execution: 2274.566640 s
Total program execution: 2274.388356 s
Total program execution: 2274.527731 s
Total program execution: 2274.488449 s
Total program execution: 2274.528362 s
Total program execution: 2274.488448 s
Total program execution: 2274.487941 s
Total program execution: 2274.526323 s
Total program execution: 2274.328172 s
Total program execution: 2274.488041 s
Total program execution: 2274.447154 s
Total program execution: 2274.568389 s
Total program execution: 2274.448079 s
Total program execution: 2274.488177 s
Total program execution: 2274.566965 s
Total program execution: 2274.567137 s
Total program execution: 2274.487704 s
Total program execution: 2274.368037 s
Total program execution: 2274.408162 s
Total program execution: 2274.447674 s
Total program execution: 2274.528098 s
Total program execution: 2274.447887 s
Total program execution: 2274.566861 s
Total program execution: 2274.388601 s
Total program execution: 2274.526680 s
Total program execution: 2274.408009 s
Total program execution: 2274.488666 s
Total program execution: 2274.407874 s
Total program execution: 2274.406282 s
Total program execution: 2274.487042 s
Total program execution: 2274.368344 s
Total program execution: 2274.526720 s
Total program execution: 2274.487107 s
Total program execution: 2274.528032 s
Total program execution: 2274.448063 s
Total program execution: 2274.448327 s
Total program execution: 2274.488542 s
Total program execution: 2274.488149 s
Total program execution: 2274.606737 s
Total program execution: 2274.367952 s
Total program execution: 2274.488172 s
Total program execution: 2274.487014 s
Total program execution: 2274.386745 s
Total program execution: 2274.368212 s
Total program execution: 2274.448348 s
Total program execution: 2274.526702 s
Total program execution: 2274.487960 s
Total program execution: 2274.348429 s
Total program execution: 2274.487952 s
Total program execution: 2274.448025 s
Total program execution: 2274.408271 s
Total program execution: 2274.448094 s
Total program execution: 2274.488543 s
Total program execution: 2274.486882 s
Total program execution: 2274.448083 s
Total program execution: 2274.568402 s
Total program execution: 2274.488521 s
Total program execution: 2274.448272 s
Total program execution: 2274.328800 s
Total program execution: 2274.348856 s
Total program execution: 2274.408258 s
Total program execution: 2274.488302 s
Total program execution: 2274.429030 s
Total program execution: 2274.348056 s
Total program execution: 2274.408537 s
Total program execution: 2274.368628 s
Total program execution: 2274.448462 s
Total program execution: 2274.408666 s
Total program execution: 2274.468849 s
Total program execution: 2274.328512 s
Total program execution: 2274.368792 s
Total program execution: 2274.368815 s
Total program execution: 2274.428779 s
Total program execution: 2274.428638 s
Total program execution: 2274.488742 s
Total program execution: 2274.349084 s
Total program execution: 2274.508559 s
Total program execution: 2274.408006 s
Total program execution: 2274.448827 s
Total program execution: 2274.468912 s
Total program execution: 2274.408287 s
Total program execution: 2274.368736 s
Total program execution: 2274.448166 s
Total program execution: 2274.489005 s
Total program execution: 2274.448472 s
Total program execution: 2274.448556 s
Total program execution: 2274.528451 s
Total program execution: 2274.408478 s
Total program execution: 2274.448373 s
Total program execution: 2274.448664 s
Total program execution: 2274.489001 s
Total program execution: 2274.389060 s
Total program execution: 2274.449059 s
Total program execution: 2274.498633 s
Total program execution: 2274.368661 s
Total program execution: 2274.388471 s
Total program execution: 2274.488785 s
Total program execution: 2274.458819 s
Total program execution: 2274.488685 s
Total program execution: 2274.409065 s
Total program execution: 2274.368522 s
Total program execution: 2274.488965 s
Total program execution: 2274.488194 s
Total program execution: 2274.368486 s
Total program execution: 2274.528614 s
Total program execution: 2274.408823 s
Total program execution: 2274.408617 s
Total program execution: 2274.488801 s
Total program execution: 2274.448145 s
Total program execution: 2274.408762 s
Total program execution: 2274.447918 s
Total program execution: 2274.408318 s
Total program execution: 2274.368624 s
Total program execution: 2274.368850 s
Total program execution: 2274.568890 s
Total program execution: 2274.328525 s
Total program execution: 2274.408650 s
Total program execution: 2274.528766 s
Total program execution: 2274.408989 s
Total program execution: 2274.328652 s
Total program execution: 2274.448493 s
Total program execution: 2274.368707 s
Total program execution: 2274.408990 s
Total program execution: 2274.408236 s
Total program execution: 2274.368146 s
Total program execution: 2274.448555 s
Total program execution: 2274.408236 s
Total program execution: 2274.448791 s
Total program execution: 2274.528927 s
Total program execution: 2274.328901 s
Total program execution: 2274.408364 s
Total program execution: 2274.528807 s
Total program execution: 2274.448858 s
Total program execution: 2274.419011 s
Total program execution: 2274.408857 s
Total program execution: 2274.409065 s
Total program execution: 2274.488510 s
Total program execution: 2274.448739 s
Total program execution: 2274.448711 s
Total program execution: 2274.488409 s
Total program execution: 2274.488581 s
Total program execution: 2274.408544 s
Total program execution: 2274.418811 s
Total program execution: 2274.568848 s
Total program execution: 2274.448602 s
Total program execution: 2274.488741 s
Total program execution: 2274.568714 s
Total program execution: 2274.429301 s
Total program execution: 2274.409064 s
Total program execution: 2274.349250 s
Total program execution: 2274.408663 s
Total program execution: 2274.368470 s
Total program execution: 2274.409110 s
Total program execution: 2274.389168 s
Total program execution: 2274.429580 s
Total program execution: 2274.389333 s
Total program execution: 2274.349375 s
Total program execution: 2274.448998 s
Total program execution: 2274.408653 s
Total program execution: 2274.448826 s
Total program execution: 2274.489070 s
Total program execution: 2274.368957 s
Total program execution: 2274.369108 s
Total program execution: 2274.389387 s
Total program execution: 2274.459071 s
Total program execution: 2274.309119 s
Total program execution: 2274.427645 s
Total program execution: 2274.329290 s
Total program execution: 2274.349514 s
Total program execution: 2274.409151 s
Total program execution: 2274.448876 s
Total program execution: 2274.388997 s
Total program execution: 2274.409060 s
Total program execution: 2274.409055 s
Total program execution: 2274.329129 s
Total program execution: 2274.409103 s
Total program execution: 2274.408837 s
Total program execution: 2274.489335 s
Total program execution: 2274.408392 s
Total program execution: 2274.409535 s
Total program execution: 2274.408898 s
Total program execution: 2274.528994 s
Total program execution: 2274.409439 s
Total program execution: 2274.488827 s
Total program execution: 2274.449178 s
Total program execution: 2274.369398 s
Total program execution: 2274.329335 s
Total program execution: 2274.408899 s
Total program execution: 2274.409190 s
Total program execution: 2274.369011 s
Total program execution: 2274.488980 s
Total program execution: 2274.409014 s
Total program execution: 2274.448991 s
Total program execution: 2274.369352 s
Total program execution: 2274.328766 s
Total program execution: 2274.647606 s
Total program execution: 2274.368695 s
Total program execution: 2274.349486 s
Total program execution: 2274.489300 s
Total program execution: 2274.489187 s
Total program execution: 2274.449189 s
Total program execution: 2274.408787 s
Total program execution: 2274.409009 s
Total program execution: 2274.489367 s
Total program execution: 2274.449058 s
Total program execution: 2274.349702 s
Total program execution: 2274.309411 s
Total program execution: 2274.309566 s
Total program execution: 2274.449313 s
Total program execution: 2274.369945 s
Total program execution: 2274.349664 s
Total program execution: 2274.309835 s
Total program execution: 2274.329614 s
Total program execution: 2274.449579 s
Total program execution: 2274.449312 s
Total program execution: 2274.389436 s
Total program execution: 2274.329707 s
Total program execution: 2274.329417 s
Total program execution: 2274.409585 s
Total program execution: 2274.449172 s
Total program execution: 2274.489372 s
Total program execution: 2274.369312 s
Total program execution: 2274.449270 s
Total program execution: 2274.349557 s
Total program execution: 2274.409418 s
Total program execution: 2274.449602 s
Total program execution: 2274.369263 s
Total program execution: 2274.449487 s
Total program execution: 2274.489509 s
Total program execution: 2274.409670 s
Total program execution: 2274.529523 s
Total program execution: 2274.369166 s
Total program execution: 2274.449568 s
Total program execution: 2274.370159 s
Total program execution: 2274.389956 s
Total program execution: 2274.449660 s
Total program execution: 2274.409533 s
Total program execution: 2274.469837 s
Total program execution: 2274.409639 s
Total program execution: 2274.369470 s
Total program execution: 2274.449740 s
Total program execution: 2274.409510 s
Total program execution: 2274.329530 s
Total program execution: 2274.409957 s
Total program execution: 2274.489542 s
Total program execution: 2274.409802 s
Total program execution: 2274.329410 s
Total program execution: 2274.409874 s
Total program execution: 2274.409864 s
Total program execution: 2274.309867 s
Total program execution: 2274.489798 s
Total program execution: 2274.450051 s
Total program execution: 2274.390201 s
Total program execution: 2274.330232 s
Total program execution: 2274.330323 s
Total program execution: 2274.369963 s
Total program execution: 2274.450096 s
Total program execution: 2274.450327 s
Total program execution: 2274.410016 s
Total program execution: 2274.410077 s
Total program execution: 2274.489760 s
Total program execution: 2274.369973 s
Total program execution: 2274.370478 s
Total program execution: 2274.410410 s
Total program execution: 2274.410557 s
Total program execution: 2274.410368 s
Total program execution: 2274.330536 s
Total program execution: 2274.330383 s
Total program execution: 2274.370550 s
Total program execution: 2274.370629 s
Total program execution: 2274.311132 s
Total program execution: 2274.371017 s
Total program execution: 2274.331377 s
Total program execution: 2274.331897 s
Total program execution: 2274.412263 s
Total program execution: 2274.331946 s
Total program execution: 2274.530220 s
Total program execution: 2274.411842 s
Total program execution: 2274.453861 s
Total program execution: 2274.414482 s
QUBITS:
Number of qubits is 39.
Number of amps is 549755813888.
Number of amps per rank is 1073741824.
EXECUTION ENVIRONMENT:
Running distributed (MPI) version
Number of ranks is 512
OpenMP enabled
Number of threads available is 128
Precision: size of qreal is 8 bytes
Applied random circuit
VERIFICATION: norm error = -2.651213e-13
Total program execution: 2274.326173 s
