-- The C compiler identification is Intel 16.0.4.20160811
-- The CXX compiler identification is Intel 16.0.4.20160811
-- Check for working C compiler: /system/software/linux-x86_64/compilers/intel/intelPS-2016/bin/icc
-- Check for working C compiler: /system/software/linux-x86_64/compilers/intel/intelPS-2016/bin/icc -- works
-- Detecting C compiler ABI info
-- Detecting C compiler ABI info - done
-- Detecting C compile features
-- Detecting C compile features - done
-- Check for working CXX compiler: /system/software/linux-x86_64/compilers/intel/intelPS-2016/bin/icpc
-- Check for working CXX compiler: /system/software/linux-x86_64/compilers/intel/intelPS-2016/bin/icpc -- works
-- Detecting CXX compiler ABI info
-- Detecting CXX compiler ABI info - done
-- Detecting CXX compile features
-- Detecting CXX compile features - done
-- GPU acceleration is OFF
-- OMP acceleration is ON
-- MPI distribution is 1
-- Found MPI_C: /system/software/arcus-b/lib/mpi/mvapich2/2.1.0/intel-2016/lib/libmpi.so  
-- Found MPI_CXX: /system/software/arcus-b/lib/mpi/mvapich2/2.1.0/intel-2016/lib/libmpicxx.so;/system/software/arcus-b/lib/mpi/mvapich2/2.1.0/intel-2016/lib/libmpi.so  
-- Try OpenMP C flag = [-qopenmp]
-- Performing Test OpenMP_FLAG_DETECTED
-- Performing Test OpenMP_FLAG_DETECTED - Success
-- Try OpenMP CXX flag = [-qopenmp]
-- Performing Test OpenMP_FLAG_DETECTED
-- Performing Test OpenMP_FLAG_DETECTED - Success
-- Found OpenMP: -qopenmp  
-- Compiling compactUnitaryTimer.c to executable demo
-- Found PythonInterp: /usr/bin/python (found version "2.6.6") 
CMake Warning at CMakeLists.txt:68 (message):
  Usable Python 3.4+ not found on system -- Disabling testing


-- Testing is OFF
-- Configuring done
-- Generating done
-- Build files have been written to: /data/oerc-rse/oerc0113/QuEST_v2.1.0_performance/QuEST_Performance_2019/compactUnitary/arcus-b_CPU/36qubits64ranks16threads2Islands_short/build
Scanning dependencies of target QuEST
[ 10%] Building C object QuEST_v2.1.0/CMakeFiles/QuEST.dir/src/QuEST.c.o
[ 20%] Building C object QuEST_v2.1.0/CMakeFiles/QuEST.dir/src/QuEST_common.c.o
[ 30%] Building C object QuEST_v2.1.0/CMakeFiles/QuEST.dir/src/QuEST_qasm.c.o
[ 40%] Building C object QuEST_v2.1.0/CMakeFiles/QuEST.dir/src/QuEST_validation.c.o
[ 50%] Building C object QuEST_v2.1.0/CMakeFiles/QuEST.dir/src/mt19937ar.c.o
[ 60%] Building C object QuEST_v2.1.0/CMakeFiles/QuEST.dir/src/CPU/QuEST_cpu.c.o
[ 70%] Building C object QuEST_v2.1.0/CMakeFiles/QuEST.dir/src/CPU/QuEST_cpu_distributed.c.o
[ 80%] Linking C shared library libQuEST.so
[ 80%] Built target QuEST
Scanning dependencies of target demo
[ 90%] Building C object CMakeFiles/demo.dir/compactUnitaryTimer.c.o
[100%] Linking C executable demo
[100%] Built target demo
QUBITS:
Number of qubits is 36.
Number of amps is 68719476736.
Number of amps per rank is 1073741824.
EXECUTION ENVIRONMENT:
Running distributed (MPI) version
Number of ranks is 64
OpenMP enabled
Number of threads available is 16
Precision: size of qreal is 8 bytes
Applied random circuit
VERIFICATION: norm error = -9.992007e-15
Total program execution: 538.699823 s
Total program execution: 538.700007 s
Total program execution: 538.699865 s
Total program execution: 538.700081 s
Total program execution: 538.700006 s
Total program execution: 538.700026 s
Total program execution: 538.699926 s
Total program execution: 538.700073 s
Total program execution: 538.700436 s
Total program execution: 538.700265 s
Total program execution: 538.700113 s
Total program execution: 538.699704 s
Total program execution: 538.699833 s
Total program execution: 538.700043 s
Total program execution: 538.699718 s
Total program execution: 538.699895 s
Total program execution: 538.699808 s
Total program execution: 538.699868 s
Total program execution: 538.692156 s
Total program execution: 538.700104 s
Total program execution: 538.700093 s
Total program execution: 538.700357 s
Total program execution: 538.699996 s
Total program execution: 538.700089 s
Total program execution: 538.700141 s
Total program execution: 538.699970 s
Total program execution: 538.700136 s
Total program execution: 538.699989 s
Total program execution: 538.701968 s
Total program execution: 538.703239 s
Total program execution: 538.711560 s
Total program execution: 538.716086 s
Total program execution: 539.694437 s
Total program execution: 539.694352 s
Total program execution: 539.694300 s
Total program execution: 539.694593 s
Total program execution: 539.694474 s
Total program execution: 539.694354 s
Total program execution: 539.694526 s
Total program execution: 539.694466 s
Total program execution: 539.684118 s
Total program execution: 539.691383 s
Total program execution: 539.694630 s
Total program execution: 539.694503 s
Total program execution: 539.694508 s
Total program execution: 539.689595 s
Total program execution: 539.684176 s
Total program execution: 539.694501 s
Total program execution: 539.694516 s
Total program execution: 539.694627 s
Total program execution: 539.694465 s
Total program execution: 539.694654 s
Total program execution: 539.694672 s
Total program execution: 539.694567 s
Total program execution: 539.683264 s
Total program execution: 539.694543 s
Total program execution: 539.685037 s
Total program execution: 539.684405 s
Total program execution: 539.684379 s
Total program execution: 539.685111 s
Total program execution: 539.694627 s
Total program execution: 539.694791 s
Total program execution: 539.694757 s
Total program execution: 539.703144 s

real	9m3.658s
user	0m0.052s
sys	0m0.108s
