Unloading /work/y07/shared/archer2-modules/modulefiles-cse/epcc-setup-env-profile
Loading cpe-cray
Loading cce/10.0.3
Loading craype/2.7.0
Loading craype-x86-rome
Loading libfabric/1.11.0.0.233
Loading craype-network-ofi
Loading cray-dsmml/0.1.2
Loading perftools-base/20.09.0
Loading xpmem/2.2.35-7.0.1.0_1.7__gd50fabf.shasta
Loading cray-mpich/8.0.15
Loading cray-libsci/20.08.1.2
Loading /work/y07/shared/archer2-modules/modulefiles-cse/epcc-setup-env
ERROR: Collection PrgEnv-gnu cannot be found
-- The C compiler identification is Clang 10.0.0
-- The CXX compiler identification is Clang 10.0.0
-- Check for working C compiler: /opt/cray/pe/craype/2.7.0/bin/cc
-- Check for working C compiler: /opt/cray/pe/craype/2.7.0/bin/cc -- works
-- Detecting C compiler ABI info
-- Detecting C compiler ABI info - done
-- Detecting C compile features
-- Detecting C compile features - done
-- Check for working CXX compiler: /opt/cray/pe/craype/2.7.0/bin/CC
-- Check for working CXX compiler: /opt/cray/pe/craype/2.7.0/bin/CC -- works
-- Detecting CXX compiler ABI info
-- Detecting CXX compiler ABI info - done
-- Detecting CXX compile features
-- Detecting CXX compile features - done
-- GPU acceleration is OFF
-- OMP acceleration is ON
-- MPI distribution is 1
-- Found MPI_C: /opt/cray/pe/craype/2.7.0/bin/cc (found version "3.1") 
-- Found MPI_CXX: /opt/cray/pe/craype/2.7.0/bin/CC (found version "3.1") 
-- Found MPI: TRUE (found version "3.1")  
-- Found OpenMP_C: -fopenmp (found version "4.5") 
-- Found OpenMP_CXX: -fopenmp (found version "4.5") 
-- Found OpenMP: TRUE (found version "4.5")  
-- Compiling compactUnitaryTimer.c to executable demo
-- Testing is 0
-- Configuring done
-- Generating done
-- Build files have been written to: /lus/cls01095/work/y18/y18/ambrown4/QuEST_Performance_v2.1.0/compactUnitary/archer2/38qubits256nodes8ranks16threads/build
Scanning dependencies of target QuEST
[ 10%] Building C object QuEST_v2.1.0-gcc10Patch/CMakeFiles/QuEST.dir/src/QuEST.c.o
[ 20%] Building C object QuEST_v2.1.0-gcc10Patch/CMakeFiles/QuEST.dir/src/QuEST_common.c.o
[ 30%] Building C object QuEST_v2.1.0-gcc10Patch/CMakeFiles/QuEST.dir/src/QuEST_qasm.c.o
[ 40%] Building C object QuEST_v2.1.0-gcc10Patch/CMakeFiles/QuEST.dir/src/QuEST_validation.c.o
[ 50%] Building C object QuEST_v2.1.0-gcc10Patch/CMakeFiles/QuEST.dir/src/mt19937ar.c.o
[ 60%] Building C object QuEST_v2.1.0-gcc10Patch/CMakeFiles/QuEST.dir/src/CPU/QuEST_cpu.c.o
[ 70%] Building C object QuEST_v2.1.0-gcc10Patch/CMakeFiles/QuEST.dir/src/CPU/QuEST_cpu_distributed.c.o
[ 80%] Linking C shared library libQuEST.so
[ 80%] Built target QuEST
Scanning dependencies of target demo
[ 90%] Building C object CMakeFiles/demo.dir/compactUnitaryTimer.c.o
[100%] Linking C executable demo
[100%] Built target demo
Total program execution: 1258.578936 s
Total program execution: 1258.578996 s
Total program execution: 1258.578947 s
Total program execution: 1258.578983 s
Total program execution: 1258.580391 s
Total program execution: 1258.578995 s
Total program execution: 1258.578971 s
Total program execution: 1258.580378 s
Total program execution: 1258.580189 s
Total program execution: 1258.578971 s
Total program execution: 1258.580425 s
Total program execution: 1258.580233 s
Total program execution: 1258.579267 s
Total program execution: 1258.580441 s
Total program execution: 1258.540353 s
Total program execution: 1258.580420 s
Total program execution: 1258.580448 s
Total program execution: 1258.580242 s
Total program execution: 1258.580413 s
Total program execution: 1258.580249 s
Total program execution: 1258.540416 s
Total program execution: 1258.580705 s
Total program execution: 1258.580232 s
Total program execution: 1258.541071 s
Total program execution: 1258.540387 s
Total program execution: 1258.579855 s
Total program execution: 1258.539973 s
Total program execution: 1258.617848 s
Total program execution: 1258.580264 s
Total program execution: 1258.540442 s
Total program execution: 1258.579872 s
Total program execution: 1258.617893 s
Total program execution: 1258.580251 s
Total program execution: 1258.540433 s
Total program execution: 1258.579898 s
Total program execution: 1258.539984 s
Total program execution: 1258.617898 s
Total program execution: 1258.580585 s
Total program execution: 1258.540409 s
Total program execution: 1258.579894 s
Total program execution: 1258.541296 s
Total program execution: 1258.539595 s
Total program execution: 1258.580517 s
Total program execution: 1258.540066 s
Total program execution: 1258.539940 s
Total program execution: 1258.617897 s
Total program execution: 1258.541117 s
Total program execution: 1258.541006 s
Total program execution: 1258.540395 s
Total program execution: 1258.580948 s
Total program execution: 1258.579886 s
Total program execution: 1258.580712 s
Total program execution: 1258.541393 s
Total program execution: 1258.539647 s
Total program execution: 1258.580553 s
Total program execution: 1258.581278 s
Total program execution: 1258.541124 s
Total program execution: 1258.540042 s
Total program execution: 1258.539995 s
Total program execution: 1258.580960 s
Total program execution: 1258.617843 s
Total program execution: 1258.541115 s
Total program execution: 1258.460493 s
Total program execution: 1258.541083 s
Total program execution: 1258.580714 s
Total program execution: 1258.540711 s
Total program execution: 1258.541020 s
Total program execution: 1258.580990 s
Total program execution: 1258.579873 s
Total program execution: 1258.580707 s
Total program execution: 1258.541381 s
Total program execution: 1258.539645 s
Total program execution: 1258.580436 s
Total program execution: 1258.580568 s
Total program execution: 1258.581337 s
Total program execution: 1258.541165 s
Total program execution: 1258.541180 s
Total program execution: 1258.540112 s
Total program execution: 1258.539988 s
Total program execution: 1258.580763 s
Total program execution: 1258.581022 s
Total program execution: 1258.617884 s
Total program execution: 1258.541149 s
Total program execution: 1258.460457 s
Total program execution: 1258.541040 s
Total program execution: 1258.580788 s
Total program execution: 1258.541025 s
Total program execution: 1258.580988 s
Total program execution: 1258.579893 s
Total program execution: 1258.580695 s
Total program execution: 1258.541376 s
Total program execution: 1258.539638 s
Total program execution: 1258.499873 s
Total program execution: 1258.580478 s
Total program execution: 1258.580560 s
Total program execution: 1258.581319 s
Total program execution: 1258.541119 s
Total program execution: 1258.541155 s
Total program execution: 1258.540109 s
Total program execution: 1258.539989 s
Total program execution: 1258.580780 s
Total program execution: 1258.581042 s
Total program execution: 1258.617907 s
Total program execution: 1258.541142 s
Total program execution: 1258.541059 s
Total program execution: 1258.618522 s
Total program execution: 1258.580777 s
Total program execution: 1258.541036 s
Total program execution: 1258.499755 s
Total program execution: 1258.581004 s
Total program execution: 1258.580134 s
Total program execution: 1258.580739 s
Total program execution: 1258.540120 s
Total program execution: 1258.580369 s
Total program execution: 1258.541336 s
Total program execution: 1258.540154 s
Total program execution: 1258.539622 s
Total program execution: 1258.499890 s
Total program execution: 1258.580515 s
Total program execution: 1258.580536 s
Total program execution: 1258.581355 s
Total program execution: 1258.541174 s
Total program execution: 1258.549531 s
Total program execution: 1258.541137 s
Total program execution: 1258.540121 s
Total program execution: 1258.539976 s
Total program execution: 1258.580804 s
Total program execution: 1258.581576 s
Total program execution: 1258.581033 s
Total program execution: 1258.618160 s
Total program execution: 1258.541135 s
Total program execution: 1258.460535 s
Total program execution: 1258.541047 s
Total program execution: 1258.541130 s
Total program execution: 1258.618463 s
Total program execution: 1258.541502 s
Total program execution: 1258.580778 s
Total program execution: 1258.541056 s
Total program execution: 1258.580491 s
Total program execution: 1258.499802 s
Total program execution: 1258.581014 s
Total program execution: 1258.580768 s
Total program execution: 1258.580723 s
Total program execution: 1258.540097 s
Total program execution: 1258.580407 s
Total program execution: 1258.500338 s
Total program execution: 1258.541345 s
Total program execution: 1258.540198 s
Total program execution: 1258.539628 s
Total program execution: 1258.499882 s
Total program execution: 1258.500981 s
Total program execution: 1258.580497 s
Total program execution: 1258.580576 s
Total program execution: 1258.581356 s
Total program execution: 1258.541151 s
Total program execution: 1258.541851 s
Total program execution: 1258.549535 s
Total program execution: 1258.541179 s
Total program execution: 1258.540579 s
Total program execution: 1258.540112 s
Total program execution: 1258.581817 s
Total program execution: 1258.540243 s
Total program execution: 1258.580798 s
Total program execution: 1258.541647 s
Total program execution: 1258.541351 s
Total program execution: 1258.581548 s
Total program execution: 1258.581855 s
Total program execution: 1258.581333 s
Total program execution: 1258.581018 s
Total program execution: 1258.581844 s
Total program execution: 1258.541128 s
Total program execution: 1258.460524 s
Total program execution: 1258.541079 s
Total program execution: 1258.499894 s
Total program execution: 1258.541127 s
Total program execution: 1258.618553 s
Total program execution: 1258.540525 s
Total program execution: 1258.541469 s
Total program execution: 1258.580758 s
Total program execution: 1258.541040 s
Total program execution: 1258.580546 s
Total program execution: 1258.618749 s
Total program execution: 1258.499811 s
Total program execution: 1258.581013 s
Total program execution: 1258.580829 s
Total program execution: 1258.580740 s
Total program execution: 1258.540161 s
Total program execution: 1258.580414 s
Total program execution: 1258.500293 s
Total program execution: 1258.541378 s
Total program execution: 1258.540209 s
Total program execution: 1258.539637 s
Total program execution: 1258.499896 s
Total program execution: 1258.500702 s
Total program execution: 1258.500379 s
Total program execution: 1258.501000 s
Total program execution: 1258.580495 s
Total program execution: 1258.580591 s
Total program execution: 1258.581358 s
Total program execution: 1258.500776 s
Total program execution: 1258.618940 s
Total program execution: 1258.541129 s
Total program execution: 1258.541909 s
Total program execution: 1258.581467 s
Total program execution: 1258.549484 s
Total program execution: 1258.541184 s
Total program execution: 1258.540581 s
Total program execution: 1258.540092 s
Total program execution: 1258.581861 s
Total program execution: 1258.580819 s
Total program execution: 1258.541645 s
Total program execution: 1258.541425 s
Total program execution: 1258.501478 s
Total program execution: 1258.581226 s
Total program execution: 1258.540340 s
Total program execution: 1258.581619 s
Total program execution: 1258.581828 s
Total program execution: 1258.581365 s
Total program execution: 1258.580999 s
Total program execution: 1258.581908 s
Total program execution: 1258.541398 s
Total program execution: 1258.460559 s
Total program execution: 1258.541081 s
Total program execution: 1258.540836 s
Total program execution: 1258.542044 s
Total program execution: 1258.499915 s
Total program execution: 1258.541158 s
Total program execution: 1258.618472 s
Total program execution: 1258.540486 s
Total program execution: 1258.502922 s
Total program execution: 1258.580892 s
Total program execution: 1258.541464 s
Total program execution: 1258.580770 s
Total program execution: 1258.541044 s
Total program execution: 1258.581028 s
Total program execution: 1258.618907 s
Total program execution: 1258.580562 s
Total program execution: 1258.581635 s
Total program execution: 1258.618779 s
Total program execution: 1258.499841 s
Total program execution: 1258.581009 s
Total program execution: 1258.580855 s
Total program execution: 1258.499659 s
Total program execution: 1258.539873 s
Total program execution: 1258.580685 s
Total program execution: 1258.540144 s
Total program execution: 1258.580438 s
Total program execution: 1258.500344 s
Total program execution: 1258.541666 s
Total program execution: 1258.541675 s
Total program execution: 1258.540180 s
Total program execution: 1258.541609 s
Total program execution: 1258.539914 s
Total program execution: 1258.499863 s
Total program execution: 1258.500657 s
Total program execution: 1258.500408 s
Total program execution: 1258.501034 s
Total program execution: 1258.500308 s
Total program execution: 1258.580502 s
Total program execution: 1258.580890 s
Total program execution: 1258.581334 s
Total program execution: 1258.581334 s
Total program execution: 1258.500824 s
Total program execution: 1258.618872 s
Total program execution: 1258.541347 s
Total program execution: 1258.541170 s
Total program execution: 1258.582145 s
Total program execution: 1258.540672 s
Total program execution: 1258.541914 s
Total program execution: 1258.581512 s
Total program execution: 1258.549478 s
Total program execution: 1258.541183 s
Total program execution: 1258.541603 s
Total program execution: 1258.540548 s
Total program execution: 1258.540372 s
Total program execution: 1258.581878 s
Total program execution: 1258.580798 s
Total program execution: 1258.541611 s
Total program execution: 1258.541443 s
Total program execution: 1258.501530 s
Total program execution: 1258.581257 s
Total program execution: 1258.540357 s
Total program execution: 1258.581621 s
Total program execution: 1258.502931 s
Total program execution: 1258.581892 s
Total program execution: 1258.581388 s
Total program execution: 1258.580990 s
Total program execution: 1258.541151 s
Total program execution: 1258.540948 s
Total program execution: 1258.540837 s
Total program execution: 1258.581927 s
Total program execution: 1258.460544 s
Total program execution: 1258.541390 s
Total program execution: 1258.540886 s
Total program execution: 1258.542110 s
Total program execution: 1258.499951 s
Total program execution: 1258.541149 s
Total program execution: 1258.618525 s
Total program execution: 1258.540534 s
Total program execution: 1258.502982 s
Total program execution: 1258.580954 s
Total program execution: 1258.541534 s
Total program execution: 1258.542409 s
Total program execution: 1258.580793 s
Total program execution: 1258.540854 s
Total program execution: 1258.541036 s
Total program execution: 1258.581102 s
Total program execution: 1258.618971 s
Total program execution: 1258.580557 s
Total program execution: 1258.581668 s
Total program execution: 1258.618798 s
Total program execution: 1258.499841 s
Total program execution: 1258.581225 s
Total program execution: 1258.580852 s
Total program execution: 1258.499676 s
Total program execution: 1258.582261 s
Total program execution: 1258.539813 s
Total program execution: 1258.581004 s
Total program execution: 1258.540152 s
Total program execution: 1258.580442 s
Total program execution: 1258.509624 s
Total program execution: 1258.500339 s
Total program execution: 1258.500798 s
Total program execution: 1258.541740 s
Total program execution: 1258.540209 s
Total program execution: 1258.541646 s
Total program execution: 1258.499823 s
Total program execution: 1258.500685 s
Total program execution: 1258.500439 s
Total program execution: 1258.501058 s
Total program execution: 1258.500364 s
Total program execution: 1258.540304 s
Total program execution: 1258.580471 s
Total program execution: 1258.541013 s
Total program execution: 1258.581390 s
Total program execution: 1258.581623 s
Total program execution: 1258.500819 s
Total program execution: 1258.618927 s
Total program execution: 1258.541308 s
Total program execution: 1258.541180 s
Total program execution: 1258.582174 s
Total program execution: 1258.540708 s
Total program execution: 1258.541928 s
Total program execution: 1258.581560 s
Total program execution: 1258.541697 s
Total program execution: 1258.549548 s
Total program execution: 1258.541479 s
Total program execution: 1258.541626 s
Total program execution: 1258.540552 s
Total program execution: 1258.581871 s
Total program execution: 1258.542268 s
Total program execution: 1258.580819 s
Total program execution: 1258.541668 s
Total program execution: 1258.541398 s
Total program execution: 1258.501501 s
Total program execution: 1258.550427 s
Total program execution: 1258.581270 s
Total program execution: 1258.540382 s
Total program execution: 1258.581599 s
Total program execution: 1258.502996 s
Total program execution: 1258.581885 s
Total program execution: 1258.581396 s
Total program execution: 1258.581280 s
Total program execution: 1258.541110 s
Total program execution: 1258.540962 s
Total program execution: 1258.540855 s
Total program execution: 1258.581889 s
Total program execution: 1258.460533 s
Total program execution: 1258.540880 s
Total program execution: 1258.542070 s
Total program execution: 1258.499914 s
Total program execution: 1258.541176 s
Total program execution: 1258.581791 s
Total program execution: 1258.541074 s
Total program execution: 1258.618507 s
Total program execution: 1258.541500 s
Total program execution: 1258.540541 s
Total program execution: 1258.503005 s
Total program execution: 1258.580957 s
Total program execution: 1258.582035 s
Total program execution: 1258.541480 s
Total program execution: 1258.542466 s
Total program execution: 1258.581072 s
Total program execution: 1258.540806 s
Total program execution: 1258.541296 s
Total program execution: 1258.581095 s
Total program execution: 1258.618955 s
Total program execution: 1258.580532 s
Total program execution: 1258.581680 s
Total program execution: 1258.542527 s
Total program execution: 1258.581476 s
Total program execution: 1258.618785 s
Total program execution: 1258.499821 s
Total program execution: 1258.581331 s
Total program execution: 1258.580840 s
Total program execution: 1258.499600 s
Total program execution: 1258.582278 s
Total program execution: 1258.539830 s
Total program execution: 1258.540152 s
Total program execution: 1258.580446 s
Total program execution: 1258.509689 s
Total program execution: 1258.500352 s
Total program execution: 1258.542007 s
Total program execution: 1258.542801 s
Total program execution: 1258.500860 s
Total program execution: 1258.539759 s
Total program execution: 1258.541744 s
Total program execution: 1258.540190 s
Total program execution: 1258.541643 s
Total program execution: 1258.541062 s
Total program execution: 1258.499876 s
Total program execution: 1258.500729 s
Total program execution: 1258.500413 s
Total program execution: 1258.501033 s
Total program execution: 1258.500374 s
Total program execution: 1258.540397 s
Total program execution: 1258.580868 s
Total program execution: 1258.502203 s
Total program execution: 1258.581773 s
Total program execution: 1258.500993 s
Total program execution: 1258.541065 s
Total program execution: 1258.581412 s
Total program execution: 1258.500862 s
Total program execution: 1258.502974 s
Total program execution: 1258.501020 s
Total program execution: 1258.463030 s
Total program execution: 1258.618897 s
Total program execution: 1258.541381 s
Total program execution: 1258.463040 s
Total program execution: 1258.541447 s
Total program execution: 1258.501530 s
Total program execution: 1258.582155 s
Total program execution: 1258.502620 s
Total program execution: 1258.540729 s
Total program execution: 1258.541926 s
Total program execution: 1258.581520 s
Total program execution: 1258.541754 s
Total program execution: 1258.549549 s
Total program execution: 1258.581944 s
Total program execution: 1258.542840 s
Total program execution: 1258.541631 s
Total program execution: 1258.541461 s
Total program execution: 1258.540598 s
Total program execution: 1258.582690 s
Total program execution: 1258.581851 s
Total program execution: 1258.542298 s
Total program execution: 1258.581053 s
Total program execution: 1258.541629 s
Total program execution: 1258.461002 s
Total program execution: 1258.541405 s
Total program execution: 1258.501541 s
Total program execution: 1258.550371 s
Total program execution: 1258.581290 s
Total program execution: 1258.540386 s
Total program execution: 1258.581621 s
Total program execution: 1258.502970 s
Total program execution: 1258.581897 s
Total program execution: 1258.581401 s
Total program execution: 1258.542685 s
Total program execution: 1258.541169 s
Total program execution: 1258.540946 s
Total program execution: 1258.540907 s
Total program execution: 1258.581938 s
Total program execution: 1258.460839 s
Total program execution: 1258.540896 s
Total program execution: 1258.542127 s
Total program execution: 1258.499951 s
Total program execution: 1258.541211 s
Total program execution: 1258.581833 s
Total program execution: 1258.541088 s
Total program execution: 1258.618539 s
Total program execution: 1258.541584 s
Total program execution: 1258.540477 s
Total program execution: 1258.503020 s
Total program execution: 1258.580906 s
Total program execution: 1258.581988 s
Total program execution: 1258.541540 s
Total program execution: 1258.542414 s
Total program execution: 1258.540879 s
Total program execution: 1258.581072 s
Total program execution: 1258.618935 s
Total program execution: 1258.580516 s
Total program execution: 1258.581670 s
Total program execution: 1258.619581 s
Total program execution: 1258.542562 s
Total program execution: 1258.581515 s
Total program execution: 1258.618777 s
Total program execution: 1258.502030 s
Total program execution: 1258.499823 s
Total program execution: 1258.581425 s
Total program execution: 1258.580846 s
Total program execution: 1258.499666 s
Total program execution: 1258.582301 s
Total program execution: 1258.539873 s
Total program execution: 1258.581680 s
Total program execution: 1258.540165 s
Total program execution: 1258.582860 s
Total program execution: 1258.580433 s
Total program execution: 1258.501275 s
Total program execution: 1258.509703 s
Total program execution: 1258.500375 s
Total program execution: 1258.542096 s
Total program execution: 1258.542834 s
Total program execution: 1258.500829 s
Total program execution: 1258.539755 s
Total program execution: 1258.541749 s
Total program execution: 1258.540183 s
Total program execution: 1258.541583 s
Total program execution: 1258.541138 s
Total program execution: 1258.500179 s
Total program execution: 1258.500728 s
Total program execution: 1258.500420 s
Total program execution: 1258.501007 s
Total program execution: 1258.500368 s
Total program execution: 1258.540344 s
Total program execution: 1258.502269 s
Total program execution: 1258.582756 s
Total program execution: 1258.581790 s
Total program execution: 1258.500979 s
Total program execution: 1258.541065 s
Total program execution: 1258.581414 s
Total program execution: 1258.500820 s
Total program execution: 1258.503021 s
Total program execution: 1258.501078 s
Total program execution: 1258.463028 s
Total program execution: 1258.618924 s
Total program execution: 1258.541357 s
Total program execution: 1258.463079 s
Total program execution: 1258.461184 s
Total program execution: 1258.501588 s
Total program execution: 1258.582157 s
Total program execution: 1258.502625 s
Total program execution: 1258.540706 s
Total program execution: 1258.501415 s
Total program execution: 1258.541930 s
Total program execution: 1258.581538 s
Total program execution: 1258.541723 s
Total program execution: 1258.549517 s
Total program execution: 1258.581924 s
Total program execution: 1258.541743 s
Total program execution: 1258.542857 s
Total program execution: 1258.541633 s
Total program execution: 1258.541497 s
Total program execution: 1258.540607 s
Total program execution: 1258.582752 s
Total program execution: 1258.581885 s
Total program execution: 1258.542289 s
Total program execution: 1258.541666 s
Total program execution: 1258.461016 s
Total program execution: 1258.541409 s
Total program execution: 1258.501528 s
Total program execution: 1258.550413 s
Total program execution: 1258.581299 s
Total program execution: 1258.540384 s
Total program execution: 1258.581627 s
Total program execution: 1258.503001 s
Total program execution: 1258.581888 s
Total program execution: 1258.581396 s
Total program execution: 1258.542724 s
Total program execution: 1258.541166 s
Total program execution: 1258.540916 s
Total program execution: 1258.542748 s
Total program execution: 1258.540909 s
Total program execution: 1258.581885 s
Total program execution: 1258.540878 s
Total program execution: 1258.542097 s
Total program execution: 1258.499950 s
Total program execution: 1258.541222 s
Total program execution: 1258.581849 s
Total program execution: 1258.541129 s
Total program execution: 1258.618790 s
Total program execution: 1258.541570 s
Total program execution: 1258.540533 s
Total program execution: 1258.502999 s
Total program execution: 1258.580923 s
Total program execution: 1258.582046 s
Total program execution: 1258.541520 s
Total program execution: 1258.542421 s
Total program execution: 1258.540881 s
Total program execution: 1258.581065 s
Total program execution: 1258.618952 s
Total program execution: 1258.580565 s
Total program execution: 1258.581695 s
Total program execution: 1258.619579 s
Total program execution: 1258.542545 s
Total program execution: 1258.581533 s
Total program execution: 1258.618808 s
Total program execution: 1258.502105 s
Total program execution: 1258.500133 s
Total program execution: 1258.581414 s
Total program execution: 1258.580839 s
Total program execution: 1258.499642 s
Total program execution: 1258.582330 s
Total program execution: 1258.539844 s
Total program execution: 1258.581690 s
Total program execution: 1258.540450 s
Total program execution: 1258.582910 s
Total program execution: 1258.580747 s
Total program execution: 1258.501330 s
Total program execution: 1258.509679 s
Total program execution: 1258.500327 s
Total program execution: 1258.542096 s
Total program execution: 1258.542820 s
Total program execution: 1258.500867 s
Total program execution: 1258.539760 s
Total program execution: 1258.541732 s
Total program execution: 1258.540497 s
Total program execution: 1258.541657 s
Total program execution: 1258.541137 s
Total program execution: 1258.462962 s
Total program execution: 1258.500740 s
Total program execution: 1258.500386 s
Total program execution: 1258.501052 s
Total program execution: 1258.500381 s
Total program execution: 1258.540371 s
Total program execution: 1258.502272 s
Total program execution: 1258.582814 s
Total program execution: 1258.581842 s
Total program execution: 1258.501010 s
Total program execution: 1258.541081 s
Total program execution: 1258.581391 s
Total program execution: 1258.500809 s
Total program execution: 1258.503005 s
Total program execution: 1258.501102 s
Total program execution: 1258.463097 s
Total program execution: 1258.618905 s
Total program execution: 1258.541371 s
Total program execution: 1258.463114 s
Total program execution: 1258.461172 s
Total program execution: 1258.501555 s
Total program execution: 1258.582183 s
Total program execution: 1258.502633 s
Total program execution: 1258.540724 s
Total program execution: 1258.501444 s
Total program execution: 1258.541918 s
Total program execution: 1258.581522 s
Total program execution: 1258.541752 s
Total program execution: 1258.549809 s
Total program execution: 1258.581965 s
Total program execution: 1258.541668 s
Total program execution: 1258.542834 s
Total program execution: 1258.541667 s
Total program execution: 1258.541539 s
Total program execution: 1258.540619 s
Total program execution: 1258.582736 s
Total program execution: 1258.581886 s
Total program execution: 1258.542310 s
Total program execution: 1258.541653 s
Total program execution: 1258.542640 s
Total program execution: 1258.461021 s
Total program execution: 1258.541422 s
Total program execution: 1258.501532 s
Total program execution: 1258.550412 s
Total program execution: 1258.581277 s
Total program execution: 1258.540387 s
Total program execution: 1258.581919 s
Total program execution: 1258.502968 s
Total program execution: 1258.581907 s
Total program execution: 1258.581385 s
Total program execution: 1258.542725 s
Total program execution: 1258.541166 s
Total program execution: 1258.540954 s
Total program execution: 1258.542819 s
Total program execution: 1258.540895 s
Total program execution: 1258.581910 s
Total program execution: 1258.540898 s
Total program execution: 1258.542094 s
Total program execution: 1258.499954 s
Total program execution: 1258.541229 s
Total program execution: 1258.581850 s
Total program execution: 1258.541454 s
Total program execution: 1258.541569 s
Total program execution: 1258.540531 s
Total program execution: 1258.502984 s
Total program execution: 1258.580941 s
Total program execution: 1258.582052 s
Total program execution: 1258.541808 s
Total program execution: 1258.542459 s
Total program execution: 1258.540886 s
Total program execution: 1258.581050 s
Total program execution: 1258.618948 s
Total program execution: 1258.501166 s
Total program execution: 1258.580860 s
Total program execution: 1258.581710 s
Total program execution: 1258.619570 s
Total program execution: 1258.542583 s
Total program execution: 1258.581541 s
Total program execution: 1258.618797 s
Total program execution: 1258.502080 s
Total program execution: 1258.542654 s
Total program execution: 1258.581397 s
Total program execution: 1258.581123 s
Total program execution: 1258.499698 s
Total program execution: 1258.582343 s
Total program execution: 1258.542896 s
Total program execution: 1258.539878 s
Total program execution: 1258.581663 s
Total program execution: 1258.582911 s
Total program execution: 1258.501326 s
Total program execution: 1258.509648 s
Total program execution: 1258.500675 s
Total program execution: 1258.542081 s
Total program execution: 1258.542825 s
Total program execution: 1258.500861 s
Total program execution: 1258.539738 s
Total program execution: 1258.541747 s
Total program execution: 1258.541639 s
Total program execution: 1258.541112 s
Total program execution: 1258.462902 s
Total program execution: 1258.500724 s
Total program execution: 1258.500392 s
Total program execution: 1258.501386 s
Total program execution: 1258.500359 s
Total program execution: 1258.540380 s
Total program execution: 1258.502230 s
Total program execution: 1258.582741 s
Total program execution: 1258.581829 s
Total program execution: 1258.501025 s
Total program execution: 1258.541058 s
Total program execution: 1258.581401 s
Total program execution: 1258.500875 s
Total program execution: 1258.503011 s
Total program execution: 1258.501068 s
Total program execution: 1258.463083 s
Total program execution: 1258.618936 s
Total program execution: 1258.461835 s
Total program execution: 1258.541345 s
Total program execution: 1258.463125 s
Total program execution: 1258.461148 s
Total program execution: 1258.501559 s
Total program execution: 1258.582195 s
Total program execution: 1258.502606 s
Total program execution: 1258.540715 s
Total program execution: 1258.501484 s
Total program execution: 1258.542217 s
Total program execution: 1258.581537 s
Total program execution: 1258.541723 s
Total program execution: 1258.581948 s
Total program execution: 1258.541754 s
Total program execution: 1258.542828 s
Total program execution: 1258.541666 s
Total program execution: 1258.541533 s
Total program execution: 1258.542166 s
Total program execution: 1258.540855 s
Total program execution: 1258.582761 s
Total program execution: 1258.582132 s
Total program execution: 1258.542310 s
Total program execution: 1258.543042 s
Total program execution: 1258.541944 s
Total program execution: 1258.542655 s
Total program execution: 1258.461055 s
Total program execution: 1258.541735 s
Total program execution: 1258.501502 s
Total program execution: 1258.550391 s
Total program execution: 1258.501716 s
Total program execution: 1258.581289 s
Total program execution: 1258.540394 s
Total program execution: 1258.502978 s
Total program execution: 1258.504453 s
Total program execution: 1258.582193 s
Total program execution: 1258.581719 s
Total program execution: 1258.542704 s
Total program execution: 1258.541161 s
Total program execution: 1258.540965 s
Total program execution: 1258.542788 s
Total program execution: 1258.540906 s
Total program execution: 1258.582201 s
Total program execution: 1258.542798 s
Total program execution: 1258.540874 s
Total program execution: 1258.542120 s
Total program execution: 1258.500244 s
Total program execution: 1258.541198 s
Total program execution: 1258.581866 s
Total program execution: 1258.541556 s
Total program execution: 1258.540793 s
Total program execution: 1258.503007 s
Total program execution: 1258.580949 s
Total program execution: 1258.582058 s
Total program execution: 1258.542474 s
Total program execution: 1258.540896 s
Total program execution: 1258.581109 s
Total program execution: 1258.618968 s
Total program execution: 1258.583528 s
Total program execution: 1258.501251 s
Total program execution: 1258.581707 s
Total program execution: 1258.619554 s
Total program execution: 1258.542575 s
Total program execution: 1258.581510 s
Total program execution: 1258.619077 s
Total program execution: 1258.502083 s
Total program execution: 1258.542722 s
Total program execution: 1258.581379 s
Total program execution: 1258.499690 s
Total program execution: 1258.582320 s
Total program execution: 1258.542885 s
Total program execution: 1258.539878 s
Total program execution: 1258.581722 s
Total program execution: 1258.582940 s
Total program execution: 1258.501269 s
Total program execution: 1258.501329 s
Total program execution: 1258.509690 s
Total program execution: 1258.542097 s
Total program execution: 1258.542832 s
Total program execution: 1258.500830 s
Total program execution: 1258.539735 s
Total program execution: 1258.541735 s
Total program execution: 1258.541631 s
Total program execution: 1258.541094 s
Total program execution: 1258.462975 s
Total program execution: 1258.500998 s
Total program execution: 1258.500701 s
Total program execution: 1258.500674 s
Total program execution: 1258.540377 s
Total program execution: 1258.502291 s
Total program execution: 1258.582779 s
Total program execution: 1258.581828 s
Total program execution: 1258.501036 s
Total program execution: 1258.541351 s
Total program execution: 1258.581380 s
Total program execution: 1258.501180 s
Total program execution: 1258.503003 s
Total program execution: 1258.501061 s
Total program execution: 1258.463067 s
Total program execution: 1258.619189 s
Total program execution: 1258.461854 s
Total program execution: 1258.541352 s
Total program execution: 1258.463072 s
Total program execution: 1258.461232 s
Total program execution: 1258.542265 s
Total program execution: 1258.501546 s
Total program execution: 1258.582166 s
Total program execution: 1258.503435 s
Total program execution: 1258.502599 s
Total program execution: 1258.540695 s
Total program execution: 1258.501498 s
Total program execution: 1258.581871 s
Total program execution: 1258.541752 s
Total program execution: 1258.581943 s
Total program execution: 1258.541757 s
Total program execution: 1258.542855 s
Total program execution: 1258.541676 s
Total program execution: 1258.541526 s
Total program execution: 1258.542169 s
Total program execution: 1258.582735 s
Total program execution: 1258.542309 s
Total program execution: 1258.542983 s
Total program execution: 1258.542679 s
Total program execution: 1258.461044 s
Total program execution: 1258.501806 s
Total program execution: 1258.550395 s
Total program execution: 1258.501749 s
Total program execution: 1258.581572 s
Total program execution: 1258.540669 s
Total program execution: 1258.502968 s
Total program execution: 1258.504472 s
Total program execution: 1258.542670 s
Total program execution: 1258.541167 s
Total program execution: 1258.540942 s
Total program execution: 1258.542779 s
Total program execution: 1258.540916 s
Total program execution: 1258.542802 s
Total program execution: 1258.541150 s
Total program execution: 1258.542363 s
Total program execution: 1258.541235 s
Total program execution: 1258.582764 s
Total program execution: 1258.581864 s
Total program execution: 1258.541557 s
Total program execution: 1258.503256 s
Total program execution: 1258.581195 s
Total program execution: 1258.582044 s
Total program execution: 1258.542452 s
Total program execution: 1258.540867 s
Total program execution: 1258.581379 s
Total program execution: 1258.619233 s
Total program execution: 1258.583505 s
Total program execution: 1258.501191 s
Total program execution: 1258.502063 s
Total program execution: 1258.581966 s
Total program execution: 1258.619598 s
Total program execution: 1258.542586 s
Total program execution: 1258.581538 s
Total program execution: 1258.502092 s
Total program execution: 1258.542732 s
Total program execution: 1258.581386 s
Total program execution: 1258.500029 s
Total program execution: 1258.582332 s
Total program execution: 1258.542872 s
Total program execution: 1258.540140 s
Total program execution: 1258.581738 s
Total program execution: 1258.502181 s
Total program execution: 1258.582931 s
Total program execution: 1258.501309 s
Total program execution: 1258.501317 s
Total program execution: 1258.509714 s
Total program execution: 1258.542049 s
Total program execution: 1258.542823 s
Total program execution: 1258.500858 s
Total program execution: 1258.539765 s
Total program execution: 1258.542017 s
Total program execution: 1258.541914 s
Total program execution: 1258.541154 s
Total program execution: 1258.462936 s
Total program execution: 1258.500372 s
Total program execution: 1258.540351 s
Total program execution: 1258.502280 s
Total program execution: 1258.582785 s
Total program execution: 1258.581838 s
Total program execution: 1258.501029 s
Total program execution: 1258.511331 s
Total program execution: 1258.541067 s
Total program execution: 1258.581720 s
Total program execution: 1258.542514 s
Total program execution: 1258.502975 s
Total program execution: 1258.501086 s
Total program execution: 1258.463053 s
Total program execution: 1258.461882 s
Total program execution: 1258.541675 s
Total program execution: 1258.463101 s
Total program execution: 1258.461216 s
Total program execution: 1258.542327 s
Total program execution: 1258.501572 s
Total program execution: 1258.582444 s
Total program execution: 1258.503476 s
Total program execution: 1258.502643 s
Total program execution: 1258.541000 s
Total program execution: 1258.501511 s
Total program execution: 1258.541748 s
Total program execution: 1258.581921 s
Total program execution: 1258.541745 s
Total program execution: 1258.542830 s
Total program execution: 1258.541977 s
Total program execution: 1258.541516 s
Total program execution: 1258.542131 s
Total program execution: 1258.582734 s
Total program execution: 1258.542298 s
Total program execution: 1258.543036 s
Total program execution: 1258.542693 s
Total program execution: 1258.461063 s
Total program execution: 1258.550389 s
Total program execution: 1258.501700 s
Total program execution: 1258.503296 s
Total program execution: 1258.504522 s
Total program execution: 1258.542710 s
Total program execution: 1258.511098 s
Total program execution: 1258.541480 s
Total program execution: 1258.541243 s
Total program execution: 1258.542792 s
Total program execution: 1258.541178 s
Total program execution: 1258.542778 s
Total program execution: 1258.541196 s
Total program execution: 1258.582799 s
Total program execution: 1258.581869 s
Total program execution: 1258.541852 s
Total program execution: 1258.582037 s
Total program execution: 1258.542760 s
Total program execution: 1258.541145 s
Total program execution: 1258.583543 s
Total program execution: 1258.501251 s
Total program execution: 1258.502114 s
Total program execution: 1258.619600 s
Total program execution: 1258.542561 s
Total program execution: 1258.581535 s
Total program execution: 1258.502117 s
Total program execution: 1258.542686 s
Total program execution: 1258.581382 s
Total program execution: 1258.582620 s
Total program execution: 1258.542914 s
Total program execution: 1258.581742 s
Total program execution: 1258.502174 s
Total program execution: 1258.582910 s
Total program execution: 1258.501290 s
Total program execution: 1258.501346 s
Total program execution: 1258.510011 s
Total program execution: 1258.542056 s
Total program execution: 1258.542823 s
Total program execution: 1258.501148 s
Total program execution: 1258.539789 s
Total program execution: 1258.541128 s
Total program execution: 1258.462985 s
Total program execution: 1258.540682 s
Total program execution: 1258.502538 s
Total program execution: 1258.582762 s
Total program execution: 1258.581823 s
Total program execution: 1258.501038 s
Total program execution: 1258.511364 s
Total program execution: 1258.541081 s
Total program execution: 1258.542470 s
Total program execution: 1258.502978 s
Total program execution: 1258.501064 s
Total program execution: 1258.463068 s
Total program execution: 1258.461875 s
Total program execution: 1258.463138 s
Total program execution: 1258.461226 s
Total program execution: 1258.542339 s
Total program execution: 1258.501589 s
Total program execution: 1258.503487 s
Total program execution: 1258.502640 s
Total program execution: 1258.501507 s
Total program execution: 1258.542047 s
Total program execution: 1258.581885 s
Total program execution: 1258.541696 s
Total program execution: 1258.542847 s
Total program execution: 1258.541523 s
Total program execution: 1258.542123 s
Total program execution: 1258.582763 s
Total program execution: 1258.543837 s
Total program execution: 1258.542567 s
Total program execution: 1258.543039 s
Total program execution: 1258.542689 s
Total program execution: 1258.461035 s
Total program execution: 1258.550657 s
Total program execution: 1258.501737 s
Total program execution: 1258.510946 s
Total program execution: 1258.504509 s
Total program execution: 1258.542714 s
Total program execution: 1258.511098 s
Total program execution: 1258.540984 s
Total program execution: 1258.542776 s
Total program execution: 1258.542759 s
Total program execution: 1258.541519 s
Total program execution: 1258.582848 s
Total program execution: 1258.582132 s
Total program execution: 1258.541571 s
Total program execution: 1258.582314 s
Total program execution: 1258.583555 s
Total program execution: 1258.501248 s
Total program execution: 1258.502125 s
Total program execution: 1258.619594 s
Total program execution: 1258.542836 s
Total program execution: 1258.581795 s
Total program execution: 1258.502091 s
Total program execution: 1258.542887 s
Total program execution: 1258.542704 s
Total program execution: 1258.581670 s
Total program execution: 1258.542916 s
Total program execution: 1258.581739 s
Total program execution: 1258.502190 s
Total program execution: 1258.582915 s
Total program execution: 1258.501314 s
Total program execution: 1258.501320 s
Total program execution: 1258.542394 s
Total program execution: 1258.543120 s
Total program execution: 1258.540106 s
Total program execution: 1258.462673 s
Total program execution: 1258.464722 s
Total program execution: 1258.541448 s
Total program execution: 1258.462947 s
Total program execution: 1258.502268 s
Total program execution: 1258.582811 s
Total program execution: 1258.582200 s
Total program execution: 1258.501313 s
Total program execution: 1258.511355 s
Total program execution: 1258.542485 s
Total program execution: 1258.503257 s
Total program execution: 1258.501366 s
Total program execution: 1258.463347 s
Total program execution: 1258.461881 s
Total program execution: 1258.463474 s
Total program execution: 1258.461216 s
Total program execution: 1258.542291 s
Total program execution: 1258.501846 s
Total program execution: 1258.502337 s
Total program execution: 1258.503500 s
Total program execution: 1258.502901 s
Total program execution: 1258.501484 s
Total program execution: 1258.582260 s
Total program execution: 1258.541759 s
Total program execution: 1258.543117 s
Total program execution: 1258.541791 s
Total program execution: 1258.542192 s
Total program execution: 1258.583076 s
Total program execution: 1258.543902 s
Total program execution: 1258.543011 s
Total program execution: 1258.542660 s
Total program execution: 1258.461308 s
Total program execution: 1258.501771 s
Total program execution: 1258.511008 s
Total program execution: 1258.504503 s
Total program execution: 1258.543042 s
Total program execution: 1258.511112 s
Total program execution: 1258.540993 s
Total program execution: 1258.542815 s
Total program execution: 1258.542815 s
Total program execution: 1258.582832 s
Total program execution: 1258.584006 s
Total program execution: 1258.463414 s
Total program execution: 1258.583561 s
Total program execution: 1258.501210 s
Total program execution: 1258.502121 s
Total program execution: 1258.619841 s
Total program execution: 1258.502401 s
Total program execution: 1258.542862 s
Total program execution: 1258.542743 s
Total program execution: 1258.542912 s
Total program execution: 1258.582018 s
Total program execution: 1258.502138 s
Total program execution: 1258.583209 s
Total program execution: 1258.501313 s
Total program execution: 1258.501595 s
Total program execution: 1258.462719 s
Total program execution: 1258.464790 s
Total program execution: 1258.462985 s
Total program execution: 1258.583058 s
Total program execution: 1258.511369 s
Total program execution: 1258.542537 s
Total program execution: 1258.461883 s
Total program execution: 1258.461495 s
Total program execution: 1258.542344 s
Total program execution: 1258.502420 s
Total program execution: 1258.503514 s
Total program execution: 1258.501760 s
Total program execution: 1258.542070 s
Total program execution: 1258.542167 s
Total program execution: 1258.543908 s
Total program execution: 1258.543026 s
Total program execution: 1258.542699 s
Total program execution: 1258.501761 s
Total program execution: 1258.511008 s
Total program execution: 1258.504529 s
Total program execution: 1258.511058 s
Total program execution: 1258.541035 s
Total program execution: 1258.543077 s
Total program execution: 1258.542810 s
Total program execution: 1258.582848 s
Total program execution: 1258.583995 s
Total program execution: 1258.463394 s
Total program execution: 1258.543208 s
Total program execution: 1258.583535 s
Total program execution: 1258.501237 s
Total program execution: 1258.502101 s
Total program execution: 1258.542911 s
Total program execution: 1258.542718 s
Total program execution: 1258.583419 s
Total program execution: 1258.542924 s
Total program execution: 1258.502144 s
Total program execution: 1258.501341 s
Total program execution: 1258.462716 s
Total program execution: 1258.464802 s
Total program execution: 1258.463292 s
Total program execution: 1258.511377 s
Total program execution: 1258.542503 s
Total program execution: 1258.461866 s
Total program execution: 1258.542321 s
Total program execution: 1258.502409 s
Total program execution: 1258.503480 s
Total program execution: 1258.542185 s
Total program execution: 1258.543900 s
Total program execution: 1258.542988 s
Total program execution: 1258.542981 s
Total program execution: 1258.501735 s
Total program execution: 1258.511008 s
Total program execution: 1258.504501 s
Total program execution: 1258.511041 s
Total program execution: 1258.540996 s
Total program execution: 1258.542826 s
Total program execution: 1258.582826 s
Total program execution: 1258.584039 s
Total program execution: 1258.463448 s
Total program execution: 1258.543175 s
Total program execution: 1258.583569 s
Total program execution: 1258.501480 s
Total program execution: 1258.502094 s
Total program execution: 1258.542920 s
Total program execution: 1258.543011 s
Total program execution: 1258.583477 s
Total program execution: 1258.543219 s
Total program execution: 1258.502186 s
Total program execution: 1258.501337 s
Total program execution: 1258.462697 s
Total program execution: 1258.464748 s
Total program execution: 1258.511363 s
Total program execution: 1258.542516 s
Total program execution: 1258.462200 s
Total program execution: 1258.542343 s
Total program execution: 1258.502411 s
Total program execution: 1258.503491 s
Total program execution: 1258.542473 s
Total program execution: 1258.543863 s
Total program execution: 1258.543345 s
Total program execution: 1258.502037 s
Total program execution: 1258.510996 s
Total program execution: 1258.504782 s
Total program execution: 1258.511109 s
Total program execution: 1258.541035 s
Total program execution: 1258.543084 s
Total program execution: 1258.582823 s
Total program execution: 1258.584053 s
Total program execution: 1258.463459 s
Total program execution: 1258.543164 s
Total program execution: 1258.583844 s
Total program execution: 1258.502079 s
Total program execution: 1258.542935 s
Total program execution: 1258.583469 s
Total program execution: 1258.502183 s
Total program execution: 1258.501656 s
Total program execution: 1258.462708 s
Total program execution: 1258.464757 s
Total program execution: 1258.511399 s
Total program execution: 1258.542527 s
Total program execution: 1258.542643 s
Total program execution: 1258.502366 s
Total program execution: 1258.503766 s
Total program execution: 1258.543914 s
Total program execution: 1258.510967 s
Total program execution: 1258.511124 s
Total program execution: 1258.541055 s
Total program execution: 1258.583103 s
Total program execution: 1258.584039 s
Total program execution: 1258.463452 s
Total program execution: 1258.543221 s
Total program execution: 1258.502384 s
Total program execution: 1258.542949 s
Total program execution: 1258.583460 s
Total program execution: 1258.502454 s
Total program execution: 1258.462709 s
Total program execution: 1258.464785 s
Total program execution: 1258.511715 s
Total program execution: 1258.542797 s
Total program execution: 1258.502417 s
Total program execution: 1258.543864 s
Total program execution: 1258.510963 s
Total program execution: 1258.511436 s
Total program execution: 1258.541046 s
Total program execution: 1258.584035 s
Total program execution: 1258.463446 s
Total program execution: 1258.543202 s
Total program execution: 1258.542930 s
Total program execution: 1258.583474 s
Total program execution: 1258.462698 s
Total program execution: 1258.465066 s
Total program execution: 1258.502376 s
Total program execution: 1258.544231 s
Total program execution: 1258.511278 s
Total program execution: 1258.541311 s
Total program execution: 1258.584062 s
Total program execution: 1258.463467 s
Total program execution: 1258.543214 s
Total program execution: 1258.543274 s
Total program execution: 1258.583450 s
Total program execution: 1258.462981 s
Total program execution: 1258.464790 s
Total program execution: 1258.502693 s
Total program execution: 1258.512037 s
Total program execution: 1258.584322 s
Total program execution: 1258.463794 s
Total program execution: 1258.543488 s
Total program execution: 1258.583449 s
Total program execution: 1258.512127 s
Total program execution: 1258.543223 s
Total program execution: 1258.583823 s
Total program execution: 1258.512105 s
Total program execution: 1258.512103 s
Total program execution: 1258.512063 s
Total program execution: 1258.512104 s
Total program execution: 1258.512060 s
Total program execution: 1258.512454 s
Total program execution: 1258.505681 s
Total program execution: 1258.505671 s
Total program execution: 1258.505710 s
Total program execution: 1258.505716 s
Total program execution: 1258.505682 s
Total program execution: 1258.505715 s
Total program execution: 1258.505696 s
Total program execution: 1258.505960 s
Total program execution: 1258.586729 s
Total program execution: 1258.586814 s
Total program execution: 1258.586879 s
Total program execution: 1258.545248 s
Total program execution: 1258.586814 s
Total program execution: 1258.586946 s
Total program execution: 1258.545294 s
Total program execution: 1258.546607 s
Total program execution: 1258.586809 s
Total program execution: 1258.505083 s
Total program execution: 1258.586897 s
Total program execution: 1258.586810 s
Total program execution: 1258.505105 s
Total program execution: 1258.586907 s
Total program execution: 1258.545329 s
Total program execution: 1258.546684 s
Total program execution: 1258.586790 s
Total program execution: 1258.505122 s
Total program execution: 1258.586938 s
Total program execution: 1258.545332 s
Total program execution: 1258.546683 s
Total program execution: 1258.586794 s
Total program execution: 1258.505120 s
Total program execution: 1258.586949 s
Total program execution: 1258.545327 s
Total program execution: 1258.546700 s
Total program execution: 1258.587133 s
Total program execution: 1258.505126 s
Total program execution: 1258.586956 s
Total program execution: 1258.545323 s
Total program execution: 1258.546650 s
Total program execution: 1258.505118 s
Total program execution: 1258.506956 s
Total program execution: 1258.587246 s
Total program execution: 1258.545307 s
Total program execution: 1258.546615 s
Total program execution: 1258.505145 s
Total program execution: 1258.545633 s
Total program execution: 1258.546697 s
Total program execution: 1258.505432 s
Total program execution: 1258.507037 s
Total program execution: 1258.546972 s
Total program execution: 1258.507043 s
Total program execution: 1258.507011 s
Total program execution: 1258.507045 s
Total program execution: 1258.507027 s
Total program execution: 1258.507021 s
Total program execution: 1258.507297 s
Total program execution: 1258.618384 s
Total program execution: 1258.618109 s
Total program execution: 1258.618081 s
Total program execution: 1258.618102 s
Total program execution: 1258.618098 s
Total program execution: 1258.618043 s
Total program execution: 1258.618113 s
Total program execution: 1258.618087 s
Total program execution: 1258.529971 s
Total program execution: 1258.529967 s
Total program execution: 1258.529933 s
Total program execution: 1258.530010 s
Total program execution: 1258.530007 s
Total program execution: 1258.529992 s
Total program execution: 1258.529953 s
Total program execution: 1258.532886 s
Total program execution: 1258.530291 s
Total program execution: 1258.532922 s
Total program execution: 1258.532926 s
Total program execution: 1258.532934 s
Total program execution: 1258.532905 s
Total program execution: 1258.532948 s
Total program execution: 1258.532948 s
Total program execution: 1258.533233 s
Total program execution: 1258.536187 s
Total program execution: 1258.536150 s
Total program execution: 1258.534817 s
Total program execution: 1258.536189 s
Total program execution: 1258.534810 s
Total program execution: 1258.536153 s
Total program execution: 1258.534819 s
Total program execution: 1258.536210 s
Total program execution: 1258.534802 s
Total program execution: 1258.536162 s
Total program execution: 1258.534787 s
Total program execution: 1258.536163 s
Total program execution: 1258.534772 s
Total program execution: 1258.536625 s
Total program execution: 1258.534762 s
Total program execution: 1258.535131 s
Total program execution: 1258.576475 s
Total program execution: 1258.616719 s
Total program execution: 1258.535688 s
Total program execution: 1258.616357 s
Total program execution: 1258.653714 s
Total program execution: 1258.537194 s
Total program execution: 1258.616686 s
Total program execution: 1258.497411 s
Total program execution: 1258.536798 s
Total program execution: 1258.577120 s
Total program execution: 1258.576268 s
Total program execution: 1258.577227 s
Total program execution: 1258.496012 s
Total program execution: 1258.538097 s
Total program execution: 1258.536180 s
Total program execution: 1258.616972 s
Total program execution: 1258.495623 s
Total program execution: 1258.576738 s
Total program execution: 1258.576449 s
Total program execution: 1258.497695 s
Total program execution: 1258.576470 s
Total program execution: 1258.617699 s
Total program execution: 1258.616721 s
Total program execution: 1258.535659 s
Total program execution: 1258.535589 s
Total program execution: 1258.616428 s
Total program execution: 1258.496439 s
Total program execution: 1258.653694 s
Total program execution: 1258.617372 s
Total program execution: 1258.617685 s
Total program execution: 1258.537253 s
Total program execution: 1258.616673 s
Total program execution: 1258.497467 s
Total program execution: 1258.575766 s
Total program execution: 1258.536781 s
Total program execution: 1258.577125 s
Total program execution: 1258.576291 s
Total program execution: 1258.577292 s
Total program execution: 1258.496062 s
Total program execution: 1258.538153 s
Total program execution: 1258.535817 s
Total program execution: 1258.536296 s
Total program execution: 1258.578488 s
Total program execution: 1258.616900 s
Total program execution: 1258.495674 s
Total program execution: 1258.576744 s
Total program execution: 1258.576502 s
Total program execution: 1258.497735 s
Total program execution: 1258.576479 s
Total program execution: 1258.617714 s
Total program execution: 1258.616710 s
Total program execution: 1258.535637 s
Total program execution: 1258.535612 s
Total program execution: 1258.616388 s
Total program execution: 1258.496489 s
Total program execution: 1258.653737 s
Total program execution: 1258.617372 s
Total program execution: 1258.617733 s
Total program execution: 1258.537219 s
Total program execution: 1258.616693 s
Total program execution: 1258.577560 s
Total program execution: 1258.497446 s
Total program execution: 1258.575783 s
Total program execution: 1258.536819 s
Total program execution: 1258.577090 s
Total program execution: 1258.576267 s
Total program execution: 1258.577251 s
Total program execution: 1258.496089 s
Total program execution: 1258.538159 s
Total program execution: 1258.535820 s
Total program execution: 1258.536271 s
Total program execution: 1258.578521 s
Total program execution: 1258.616938 s
Total program execution: 1258.495680 s
Total program execution: 1258.576757 s
Total program execution: 1258.576548 s
Total program execution: 1258.497693 s
Total program execution: 1258.576475 s
Total program execution: 1258.617697 s
Total program execution: 1258.616684 s
Total program execution: 1258.535737 s
Total program execution: 1258.535608 s
Total program execution: 1258.537716 s
Total program execution: 1258.616412 s
Total program execution: 1258.617393 s
Total program execution: 1258.496490 s
Total program execution: 1258.653767 s
Total program execution: 1258.577472 s
Total program execution: 1258.617337 s
Total program execution: 1258.536329 s
Total program execution: 1258.617760 s
Total program execution: 1258.537228 s
Total program execution: 1258.616650 s
Total program execution: 1258.577609 s
Total program execution: 1258.576239 s
Total program execution: 1258.497463 s
Total program execution: 1258.575797 s
Total program execution: 1258.536737 s
Total program execution: 1258.577077 s
Total program execution: 1258.576345 s
Total program execution: 1258.577307 s
Total program execution: 1258.496050 s
Total program execution: 1258.578727 s
Total program execution: 1258.538133 s
Total program execution: 1258.535802 s
Total program execution: 1258.536964 s
Total program execution: 1258.536216 s
Total program execution: 1258.578546 s
Total program execution: 1258.616925 s
Total program execution: 1258.577767 s
Total program execution: 1258.495734 s
Total program execution: 1258.576759 s
Total program execution: 1258.576496 s
Total program execution: 1258.617132 s
Total program execution: 1258.497683 s
Total program execution: 1258.576427 s
Total program execution: 1258.617750 s
Total program execution: 1258.616728 s
Total program execution: 1258.535733 s
Total program execution: 1258.535632 s
Total program execution: 1258.537795 s
Total program execution: 1258.616421 s
Total program execution: 1258.617396 s
Total program execution: 1258.496492 s
Total program execution: 1258.653786 s
Total program execution: 1258.577501 s
Total program execution: 1258.655475 s
Total program execution: 1258.617343 s
Total program execution: 1258.536392 s
Total program execution: 1258.617743 s
Total program execution: 1258.537229 s
Total program execution: 1258.616633 s
Total program execution: 1258.577607 s
Total program execution: 1258.578054 s
Total program execution: 1258.576289 s
Total program execution: 1258.497456 s
Total program execution: 1258.575809 s
Total program execution: 1258.536755 s
Total program execution: 1258.577116 s
Total program execution: 1258.576364 s
Total program execution: 1258.577296 s
Total program execution: 1258.496042 s
Total program execution: 1258.578749 s
Total program execution: 1258.538148 s
Total program execution: 1258.535782 s
Total program execution: 1258.536975 s
Total program execution: 1258.536233 s
Total program execution: 1258.578550 s
Total program execution: 1258.616969 s
Total program execution: 1258.577773 s
Total program execution: 1258.495669 s
Total program execution: 1258.576729 s
Total program execution: 1258.577379 s
Total program execution: 1258.576560 s
Total program execution: 1258.539505 s
Total program execution: 1258.617126 s
Total program execution: 1258.497634 s
Total program execution: 1258.576511 s
Total program execution: 1258.617737 s
Total program execution: 1258.616738 s
Total program execution: 1258.535654 s
Total program execution: 1258.535650 s
Total program execution: 1258.537796 s
Total program execution: 1258.616431 s
Total program execution: 1258.617365 s
Total program execution: 1258.496483 s
Total program execution: 1258.653753 s
Total program execution: 1258.577560 s
Total program execution: 1258.655523 s
Total program execution: 1258.537737 s
Total program execution: 1258.617382 s
Total program execution: 1258.536395 s
Total program execution: 1258.617739 s
Total program execution: 1258.537271 s
Total program execution: 1258.616640 s
Total program execution: 1258.577630 s
Total program execution: 1258.578129 s
Total program execution: 1258.576283 s
Total program execution: 1258.497463 s
Total program execution: 1258.575830 s
Total program execution: 1258.536787 s
Total program execution: 1258.577135 s
Total program execution: 1258.576328 s
Total program execution: 1258.577309 s
Total program execution: 1258.496056 s
Total program execution: 1258.578769 s
Total program execution: 1258.538138 s
Total program execution: 1258.535779 s
Total program execution: 1258.537015 s
Total program execution: 1258.536222 s
Total program execution: 1258.578548 s
Total program execution: 1258.616974 s
Total program execution: 1258.577784 s
Total program execution: 1258.495649 s
Total program execution: 1258.576783 s
Total program execution: 1258.577440 s
Total program execution: 1258.617339 s
Total program execution: 1258.576537 s
Total program execution: 1258.539548 s
Total program execution: 1258.617142 s
Total program execution: 1258.497671 s
Total program execution: 1258.576509 s
Total program execution: 1258.577650 s
Total program execution: 1258.617697 s
Total program execution: 1258.616720 s
Total program execution: 1258.535664 s
Total program execution: 1258.535651 s
Total program execution: 1258.537750 s
Total program execution: 1258.616393 s
Total program execution: 1258.617393 s
Total program execution: 1258.496480 s
Total program execution: 1258.654211 s
Total program execution: 1258.577593 s
Total program execution: 1258.655530 s
Total program execution: 1258.537794 s
Total program execution: 1258.617377 s
Total program execution: 1258.536397 s
Total program execution: 1258.617732 s
Total program execution: 1258.537245 s
Total program execution: 1258.616657 s
Total program execution: 1258.577638 s
Total program execution: 1258.578137 s
Total program execution: 1258.576246 s
Total program execution: 1258.497451 s
Total program execution: 1258.575750 s
Total program execution: 1258.536794 s
Total program execution: 1258.577117 s
Total program execution: 1258.576374 s
Total program execution: 1258.577256 s
Total program execution: 1258.496351 s
Total program execution: 1258.578784 s
Total program execution: 1258.538138 s
Total program execution: 1258.535742 s
Total program execution: 1258.537001 s
Total program execution: 1258.536263 s
Total program execution: 1258.578574 s
Total program execution: 1258.616964 s
Total program execution: 1258.577788 s
Total program execution: 1258.495671 s
Total program execution: 1258.576802 s
Total program execution: 1258.655744 s
Total program execution: 1258.577422 s
Total program execution: 1258.617428 s
Total program execution: 1258.577423 s
Total program execution: 1258.576527 s
Total program execution: 1258.539537 s
Total program execution: 1258.617106 s
Total program execution: 1258.498230 s
Total program execution: 1258.576906 s
Total program execution: 1258.576991 s
Total program execution: 1258.577705 s
Total program execution: 1258.617770 s
Total program execution: 1258.617006 s
Total program execution: 1258.536221 s
Total program execution: 1258.535660 s
Total program execution: 1258.537768 s
Total program execution: 1258.616788 s
Total program execution: 1258.617376 s
Total program execution: 1258.496500 s
Total program execution: 1258.577609 s
Total program execution: 1258.655509 s
Total program execution: 1258.655957 s
Total program execution: 1258.537788 s
Total program execution: 1258.617380 s
Total program execution: 1258.618402 s
Total program execution: 1258.536420 s
Total program execution: 1258.536796 s
Total program execution: 1258.617768 s
Total program execution: 1258.537556 s
Total program execution: 1258.616987 s
Total program execution: 1258.577621 s
Total program execution: 1258.578121 s
Total program execution: 1258.576309 s
Total program execution: 1258.497795 s
Total program execution: 1258.575817 s
Total program execution: 1258.537086 s
Total program execution: 1258.577487 s
Total program execution: 1258.576811 s
Total program execution: 1258.577638 s
Total program execution: 1258.496060 s
Total program execution: 1258.578791 s
Total program execution: 1258.538462 s
Total program execution: 1258.536104 s
Total program execution: 1258.536992 s
Total program execution: 1258.536611 s
Total program execution: 1258.578532 s
Total program execution: 1258.617288 s
Total program execution: 1258.577829 s
Total program execution: 1258.496171 s
Total program execution: 1258.577234 s
Total program execution: 1258.655796 s
Total program execution: 1258.577429 s
Total program execution: 1258.617408 s
Total program execution: 1258.577438 s
Total program execution: 1258.576907 s
Total program execution: 1258.539580 s
Total program execution: 1258.617098 s
Total program execution: 1258.576927 s
Total program execution: 1258.577688 s
Total program execution: 1258.618255 s
Total program execution: 1258.536104 s
Total program execution: 1258.537785 s
Total program execution: 1258.617384 s
Total program execution: 1258.496860 s
Total program execution: 1258.577617 s
Total program execution: 1258.655517 s
Total program execution: 1258.656013 s
Total program execution: 1258.537775 s
Total program execution: 1258.617704 s
Total program execution: 1258.618455 s
Total program execution: 1258.536406 s
Total program execution: 1258.536781 s
Total program execution: 1258.618128 s
Total program execution: 1258.577616 s
Total program execution: 1258.578167 s
Total program execution: 1258.576306 s
Total program execution: 1258.576221 s
Total program execution: 1258.538128 s
Total program execution: 1258.578782 s
Total program execution: 1258.535798 s
Total program execution: 1258.537002 s
Total program execution: 1258.579021 s
Total program execution: 1258.577826 s
Total program execution: 1258.655768 s
Total program execution: 1258.577436 s
Total program execution: 1258.617384 s
Total program execution: 1258.577277 s
Total program execution: 1258.577442 s
Total program execution: 1258.539598 s
Total program execution: 1258.617102 s
Total program execution: 1258.577024 s
Total program execution: 1258.577689 s
Total program execution: 1258.537782 s
Total program execution: 1258.617364 s
Total program execution: 1258.577623 s
Total program execution: 1258.655536 s
Total program execution: 1258.655978 s
Total program execution: 1258.537788 s
Total program execution: 1258.618484 s
Total program execution: 1258.536415 s
Total program execution: 1258.536784 s
Total program execution: 1258.578007 s
Total program execution: 1258.578128 s
Total program execution: 1258.576303 s
Total program execution: 1258.576210 s
Total program execution: 1258.538133 s
Total program execution: 1258.578758 s
Total program execution: 1258.537044 s
Total program execution: 1258.577797 s
Total program execution: 1258.655829 s
Total program execution: 1258.577410 s
Total program execution: 1258.617439 s
Total program execution: 1258.577345 s
Total program execution: 1258.577522 s
Total program execution: 1258.539583 s
Total program execution: 1258.617104 s
Total program execution: 1258.577005 s
Total program execution: 1258.577730 s
Total program execution: 1258.538135 s
Total program execution: 1258.617711 s
Total program execution: 1258.578145 s
Total program execution: 1258.655531 s
Total program execution: 1258.655995 s
Total program execution: 1258.537796 s
Total program execution: 1258.618478 s
Total program execution: 1258.536762 s
Total program execution: 1258.536799 s
Total program execution: 1258.578158 s
Total program execution: 1258.576688 s
Total program execution: 1258.576216 s
Total program execution: 1258.538124 s
Total program execution: 1258.579111 s
Total program execution: 1258.537516 s
Total program execution: 1258.578319 s
Total program execution: 1258.655827 s
Total program execution: 1258.577419 s
Total program execution: 1258.617441 s
Total program execution: 1258.577357 s
Total program execution: 1258.577446 s
Total program execution: 1258.539655 s
Total program execution: 1258.617449 s
Total program execution: 1258.576951 s
Total program execution: 1258.577678 s
Total program execution: 1258.619352 s
Total program execution: 1258.576455 s
Total program execution: 1258.655996 s
Total program execution: 1258.656026 s
Total program execution: 1258.537812 s
Total program execution: 1258.618433 s
Total program execution: 1258.539390 s
Total program execution: 1258.576505 s
Total program execution: 1258.536760 s
Total program execution: 1258.578478 s
Total program execution: 1258.576178 s
Total program execution: 1258.538140 s
Total program execution: 1258.618924 s
Total program execution: 1258.655822 s
Total program execution: 1258.577804 s
Total program execution: 1258.617390 s
Total program execution: 1258.577355 s
Total program execution: 1258.577535 s
Total program execution: 1258.539957 s
Total program execution: 1258.617989 s
Total program execution: 1258.576933 s
Total program execution: 1258.577713 s
Total program execution: 1258.619410 s
Total program execution: 1258.576531 s
Total program execution: 1258.656001 s
Total program execution: 1258.538289 s
Total program execution: 1258.618485 s
Total program execution: 1258.539411 s
Total program execution: 1258.576570 s
Total program execution: 1258.536818 s
Total program execution: 1258.576248 s
Total program execution: 1258.538174 s
Total program execution: 1258.656410 s
Total program execution: 1258.618892 s
Total program execution: 1258.655785 s
Total program execution: 1258.617773 s
Total program execution: 1258.577369 s
Total program execution: 1258.577513 s
Total program execution: 1258.579967 s
Total program execution: 1258.577011 s
Total program execution: 1258.578038 s
Total program execution: 1258.619378 s
Total program execution: 1258.579927 s
Total program execution: 1258.576471 s
Total program execution: 1258.656012 s
Total program execution: 1258.618452 s
Total program execution: 1258.539425 s
Total program execution: 1258.576538 s
Total program execution: 1258.536819 s
Total program execution: 1258.576233 s
Total program execution: 1258.538149 s
Total program execution: 1258.656460 s
Total program execution: 1258.618929 s
Total program execution: 1258.656148 s
Total program execution: 1258.577426 s
Total program execution: 1258.577977 s
Total program execution: 1258.580013 s
Total program execution: 1258.618047 s
Total program execution: 1258.619385 s
Total program execution: 1258.579891 s
Total program execution: 1258.576496 s
Total program execution: 1258.656320 s
Total program execution: 1258.577891 s
Total program execution: 1258.618862 s
Total program execution: 1258.539416 s
Total program execution: 1258.576552 s
Total program execution: 1258.537288 s
Total program execution: 1258.540632 s
Total program execution: 1258.576250 s
Total program execution: 1258.538105 s
Total program execution: 1258.618936 s
Total program execution: 1258.577372 s
Total program execution: 1258.580066 s
Total program execution: 1258.618099 s
Total program execution: 1258.619389 s
Total program execution: 1258.579921 s
Total program execution: 1258.576530 s
Total program execution: 1258.539383 s
Total program execution: 1258.576533 s
Total program execution: 1258.540661 s
Total program execution: 1258.576255 s
Total program execution: 1258.538632 s
Total program execution: 1258.538730 s
Total program execution: 1258.656472 s
Total program execution: 1258.618924 s
Total program execution: 1258.577925 s
Total program execution: 1258.580072 s
Total program execution: 1258.618023 s
Total program execution: 1258.656638 s
Total program execution: 1258.619422 s
Total program execution: 1258.577805 s
Total program execution: 1258.579894 s
Total program execution: 1258.576551 s
Total program execution: 1258.577924 s
Total program execution: 1258.539445 s
Total program execution: 1258.576556 s
Total program execution: 1258.540661 s
Total program execution: 1258.576718 s
Total program execution: 1258.656475 s
Total program execution: 1258.618899 s
Total program execution: 1258.580030 s
Total program execution: 1258.618032 s
Total program execution: 1258.656669 s
Total program execution: 1258.619457 s
Total program execution: 1258.577806 s
Total program execution: 1258.653731 s
Total program execution: 1258.579910 s
Total program execution: 1258.576510 s
Total program execution: 1258.577961 s
Total program execution: 1258.498354 s
Total program execution: 1258.539440 s
Total program execution: 1258.576567 s
Total program execution: 1258.540658 s
Total program execution: 1258.538748 s
Total program execution: 1258.656452 s
Total program execution: 1258.618909 s
Total program execution: 1258.580083 s
Total program execution: 1258.618113 s
Total program execution: 1258.656721 s
Total program execution: 1258.619942 s
Total program execution: 1258.577798 s
Total program execution: 1258.579905 s
Total program execution: 1258.577004 s
Total program execution: 1258.537580 s
Total program execution: 1258.577977 s
Total program execution: 1258.498356 s
Total program execution: 1258.539932 s
Total program execution: 1258.576873 s
Total program execution: 1258.540669 s
Total program execution: 1258.538822 s
Total program execution: 1258.656488 s
Total program execution: 1258.619276 s
Total program execution: 1258.580018 s
Total program execution: 1258.618111 s
Total program execution: 1258.656961 s
Total program execution: 1258.656710 s
Total program execution: 1258.577856 s
Total program execution: 1258.579926 s
Total program execution: 1258.537594 s
Total program execution: 1258.577975 s
Total program execution: 1258.498338 s
Total program execution: 1258.540711 s
Total program execution: 1258.656941 s
Total program execution: 1258.579984 s
Total program execution: 1258.538784 s
Total program execution: 1258.656478 s
Total program execution: 1258.580442 s
Total program execution: 1258.618826 s
Total program execution: 1258.578720 s
Total program execution: 1258.656690 s
Total program execution: 1258.577844 s
Total program execution: 1258.580282 s
Total program execution: 1258.620088 s
Total program execution: 1258.537661 s
Total program execution: 1258.578002 s
Total program execution: 1258.498365 s
Total program execution: 1258.540681 s
Total program execution: 1258.656942 s
Total program execution: 1258.619840 s
Total program execution: 1258.538773 s
Total program execution: 1258.656947 s
Total program execution: 1258.578737 s
Total program execution: 1258.656687 s
Total program execution: 1258.540378 s
Total program execution: 1258.577885 s
Total program execution: 1258.620113 s
Total program execution: 1258.537606 s
Total program execution: 1258.619705 s
Total program execution: 1258.577967 s
Total program execution: 1258.498390 s
Total program execution: 1258.619726 s
Total program execution: 1258.541084 s
Total program execution: 1258.656931 s
Total program execution: 1258.539826 s
Total program execution: 1258.579958 s
Total program execution: 1258.538796 s
Total program execution: 1258.578996 s
Total program execution: 1258.657029 s
Total program execution: 1258.656767 s
Total program execution: 1258.540375 s
Total program execution: 1258.577824 s
Total program execution: 1258.620154 s
Total program execution: 1258.537570 s
Total program execution: 1258.619770 s
Total program execution: 1258.578426 s
Total program execution: 1258.498338 s
Total program execution: 1258.619727 s
Total program execution: 1258.656963 s
Total program execution: 1258.539861 s
Total program execution: 1258.619124 s
Total program execution: 1258.580004 s
Total program execution: 1258.619928 s
Total program execution: 1258.538810 s
Total program execution: 1258.578758 s
Total program execution: 1258.657032 s
Total program execution: 1258.657097 s
Total program execution: 1258.540327 s
Total program execution: 1258.578425 s
Total program execution: 1258.620164 s
Total program execution: 1258.537654 s
Total program execution: 1258.619826 s
Total program execution: 1258.498373 s
Total program execution: 1258.656935 s
Total program execution: 1258.539825 s
Total program execution: 1258.619110 s
Total program execution: 1258.579961 s
Total program execution: 1258.619908 s
Total program execution: 1258.539355 s
Total program execution: 1258.578751 s
Total program execution: 1258.657041 s
Total program execution: 1258.540371 s
Total program execution: 1258.620160 s
Total program execution: 1258.537640 s
Total program execution: 1258.619814 s
Total program execution: 1258.499115 s
Total program execution: 1258.619743 s
Total program execution: 1258.656969 s
Total program execution: 1258.539846 s
Total program execution: 1258.619159 s
Total program execution: 1258.580082 s
Total program execution: 1258.619873 s
Total program execution: 1258.578693 s
Total program execution: 1258.657044 s
Total program execution: 1258.540349 s
Total program execution: 1258.620164 s
Total program execution: 1258.538025 s
Total program execution: 1258.619748 s
Total program execution: 1258.619826 s
Total program execution: 1258.657007 s
Total program execution: 1258.539831 s
Total program execution: 1258.619241 s
Total program execution: 1258.580071 s
Total program execution: 1258.619912 s
Total program execution: 1258.579120 s
Total program execution: 1258.657065 s
Total program execution: 1258.540328 s
Total program execution: 1258.620144 s
Total program execution: 1258.619753 s
Total program execution: 1258.619764 s
Total program execution: 1258.657405 s
Total program execution: 1258.539905 s
Total program execution: 1258.619241 s
Total program execution: 1258.580085 s
Total program execution: 1258.619919 s
Total program execution: 1258.579409 s
Total program execution: 1258.657068 s
Total program execution: 1258.657773 s
Total program execution: 1258.540377 s
Total program execution: 1258.620522 s
Total program execution: 1258.619775 s
Total program execution: 1258.619767 s
Total program execution: 1258.539877 s
Total program execution: 1258.619203 s
Total program execution: 1258.580483 s
Total program execution: 1258.619921 s
Total program execution: 1258.657413 s
Total program execution: 1258.579984 s
Total program execution: 1258.540729 s
Total program execution: 1258.620401 s
Total program execution: 1258.619796 s
Total program execution: 1258.540337 s
Total program execution: 1258.619229 s
Total program execution: 1258.581382 s
Total program execution: 1258.620482 s
Total program execution: 1258.620178 s
Total program execution: 1258.619687 s
Total program execution: 1258.580048 s
Total program execution: 1258.548283 s
Total program execution: 1258.581441 s
Total program execution: 1258.580056 s
Total program execution: 1258.580802 s
Total program execution: 1258.581428 s
Total program execution: 1258.580049 s
Total program execution: 1258.548332 s
Total program execution: 1258.581446 s
Total program execution: 1258.577406 s
Total program execution: 1258.580036 s
Total program execution: 1258.657793 s
Total program execution: 1258.580816 s
Total program execution: 1258.548304 s
Total program execution: 1258.581456 s
Total program execution: 1258.580008 s
Total program execution: 1258.657821 s
Total program execution: 1258.580856 s
Total program execution: 1258.548314 s
Total program execution: 1258.581462 s
Total program execution: 1258.580035 s
Total program execution: 1258.657811 s
Total program execution: 1258.580859 s
Total program execution: 1258.548396 s
Total program execution: 1258.581456 s
Total program execution: 1258.580513 s
Total program execution: 1258.657824 s
Total program execution: 1258.580901 s
Total program execution: 1258.548402 s
Total program execution: 1258.581856 s
Total program execution: 1258.657825 s
Total program execution: 1258.580912 s
Total program execution: 1258.548383 s
Total program execution: 1258.620613 s
Total program execution: 1258.657816 s
Total program execution: 1258.580897 s
Total program execution: 1258.548670 s
Total program execution: 1258.658413 s
Total program execution: 1258.581343 s
Total program execution: 1258.620609 s
Total program execution: 1258.620601 s
Total program execution: 1258.620596 s
Total program execution: 1258.620574 s
Total program execution: 1258.620573 s
Total program execution: 1258.620574 s
Total program execution: 1258.621326 s
QUBITS:
Number of qubits is 38.
Number of amps is 274877906944.
Number of amps per rank is 134217728.
EXECUTION ENVIRONMENT:
Running distributed (MPI) version
Number of ranks is 2048
OpenMP enabled
Number of threads available is 16
Precision: size of qreal is 8 bytes
Applied random circuit
VERIFICATION: norm error = -2.580158e-13
Total program execution: 1258.497715 s
