rm: cannot remove `build': No such file or directory
-- The C compiler identification is Intel 16.0.4.20160811
-- The CXX compiler identification is Intel 16.0.4.20160811
-- Check for working C compiler: /system/software/linux-x86_64/compilers/intel/intelPS-2016/bin/icc
-- Check for working C compiler: /system/software/linux-x86_64/compilers/intel/intelPS-2016/bin/icc -- works
-- Detecting C compiler ABI info
-- Detecting C compiler ABI info - done
-- Detecting C compile features
-- Detecting C compile features - done
-- Check for working CXX compiler: /system/software/linux-x86_64/compilers/intel/intelPS-2016/bin/icpc
-- Check for working CXX compiler: /system/software/linux-x86_64/compilers/intel/intelPS-2016/bin/icpc -- works
-- Detecting CXX compiler ABI info
-- Detecting CXX compiler ABI info - done
-- Detecting CXX compile features
-- Detecting CXX compile features - done
-- GPU acceleration is OFF
-- OMP acceleration is ON
-- MPI distribution is 1
-- Found MPI_C: /system/software/arcus-b/lib/mpi/mvapich2/2.1.0/intel-2016/lib/libmpi.so  
-- Found MPI_CXX: /system/software/arcus-b/lib/mpi/mvapich2/2.1.0/intel-2016/lib/libmpicxx.so;/system/software/arcus-b/lib/mpi/mvapich2/2.1.0/intel-2016/lib/libmpi.so  
-- Try OpenMP C flag = [-qopenmp]
-- Performing Test OpenMP_FLAG_DETECTED
-- Performing Test OpenMP_FLAG_DETECTED - Success
-- Try OpenMP CXX flag = [-qopenmp]
-- Performing Test OpenMP_FLAG_DETECTED
-- Performing Test OpenMP_FLAG_DETECTED - Success
-- Found OpenMP: -qopenmp  
-- Compiling RandomCircuit.c;RandomCircuitTimer.c to executable demo
-- Found PythonInterp: /usr/bin/python (found version "2.6.6") 
CMake Warning at CMakeLists.txt:68 (message):
  Usable Python 3.4+ not found on system -- Disabling testing


-- Testing is OFF
-- Configuring done
-- Generating done
-- Build files have been written to: /data/oerc-rse/oerc0113/QuEST_v2.1.0_performance/QuEST_Performance_2019/randomCircuit/arcus-b_CPU/30qubits1ranks16threads/build
Scanning dependencies of target QuEST
[  9%] Building C object QuEST_v2.1.0/CMakeFiles/QuEST.dir/src/QuEST.c.o
[ 18%] Building C object QuEST_v2.1.0/CMakeFiles/QuEST.dir/src/QuEST_common.c.o
[ 27%] Building C object QuEST_v2.1.0/CMakeFiles/QuEST.dir/src/QuEST_qasm.c.o
[ 36%] Building C object QuEST_v2.1.0/CMakeFiles/QuEST.dir/src/QuEST_validation.c.o
[ 45%] Building C object QuEST_v2.1.0/CMakeFiles/QuEST.dir/src/mt19937ar.c.o
[ 54%] Building C object QuEST_v2.1.0/CMakeFiles/QuEST.dir/src/CPU/QuEST_cpu.c.o
[ 63%] Building C object QuEST_v2.1.0/CMakeFiles/QuEST.dir/src/CPU/QuEST_cpu_distributed.c.o
[ 72%] Linking C shared library libQuEST.so
[ 72%] Built target QuEST
Scanning dependencies of target demo
[ 81%] Building C object CMakeFiles/demo.dir/RandomCircuit.c.o
[ 90%] Building C object CMakeFiles/demo.dir/RandomCircuitTimer.c.o
[100%] Linking C executable demo
[100%] Built target demo
QUBITS:
Number of qubits is 30.
Number of amps is 1073741824.
Number of amps per rank is 1073741824.
EXECUTION ENVIRONMENT:
Running distributed (MPI) version
Number of ranks is 1
OpenMP enabled
Number of threads available is 16
Precision: size of qreal is 8 bytes
Applied random circuit
VERIFICATION: norm error = 1.428857e-13
Total program execution: 33653.351624 s

real	560m53.609s
user	0m0.013s
sys	0m0.011s
