Unloading /work/y07/shared/archer2-modules/modulefiles-cse/epcc-setup-env-profile
Loading cpe-cray
Loading cce/10.0.3
Loading craype/2.7.0
Loading craype-x86-rome
Loading libfabric/1.11.0.0.233
Loading craype-network-ofi
Loading cray-dsmml/0.1.2
Loading perftools-base/20.09.0
Loading xpmem/2.2.35-7.0.1.0_1.7__gd50fabf.shasta
Loading cray-mpich/8.0.15
Loading cray-libsci/20.08.1.2
Loading /work/y07/shared/archer2-modules/modulefiles-cse/epcc-setup-env
ERROR: Collection PrgEnv-gnu cannot be found
-- The C compiler identification is Clang 10.0.0
-- The CXX compiler identification is Clang 10.0.0
-- Check for working C compiler: /opt/cray/pe/craype/2.7.0/bin/cc
-- Check for working C compiler: /opt/cray/pe/craype/2.7.0/bin/cc -- works
-- Detecting C compiler ABI info
-- Detecting C compiler ABI info - done
-- Detecting C compile features
-- Detecting C compile features - done
-- Check for working CXX compiler: /opt/cray/pe/craype/2.7.0/bin/CC
-- Check for working CXX compiler: /opt/cray/pe/craype/2.7.0/bin/CC -- works
-- Detecting CXX compiler ABI info
-- Detecting CXX compiler ABI info - done
-- Detecting CXX compile features
-- Detecting CXX compile features - done
-- GPU acceleration is OFF
-- OMP acceleration is ON
-- MPI distribution is 1
-- Found MPI_C: /opt/cray/pe/craype/2.7.0/bin/cc (found version "3.1") 
-- Found MPI_CXX: /opt/cray/pe/craype/2.7.0/bin/CC (found version "3.1") 
-- Found MPI: TRUE (found version "3.1")  
-- Found OpenMP_C: -fopenmp (found version "4.5") 
-- Found OpenMP_CXX: -fopenmp (found version "4.5") 
-- Found OpenMP: TRUE (found version "4.5")  
-- Compiling compactUnitaryTimer.c to executable demo
-- Testing is 0
-- Configuring done
-- Generating done
-- Build files have been written to: /lus/cls01095/work/y18/y18/ambrown4/QuEST_Performance_v2.1.0/compactUnitary/archer2/35qubits32nodes2ranks64threads/build
Scanning dependencies of target QuEST
[ 10%] Building C object QuEST_v2.1.0-gcc10Patch/CMakeFiles/QuEST.dir/src/QuEST.c.o
[ 20%] Building C object QuEST_v2.1.0-gcc10Patch/CMakeFiles/QuEST.dir/src/QuEST_common.c.o
[ 30%] Building C object QuEST_v2.1.0-gcc10Patch/CMakeFiles/QuEST.dir/src/QuEST_qasm.c.o
[ 40%] Building C object QuEST_v2.1.0-gcc10Patch/CMakeFiles/QuEST.dir/src/QuEST_validation.c.o
[ 50%] Building C object QuEST_v2.1.0-gcc10Patch/CMakeFiles/QuEST.dir/src/mt19937ar.c.o
[ 60%] Building C object QuEST_v2.1.0-gcc10Patch/CMakeFiles/QuEST.dir/src/CPU/QuEST_cpu.c.o
[ 70%] Building C object QuEST_v2.1.0-gcc10Patch/CMakeFiles/QuEST.dir/src/CPU/QuEST_cpu_distributed.c.o
[ 80%] Linking C shared library libQuEST.so
[ 80%] Built target QuEST
Scanning dependencies of target demo
[ 90%] Building C object CMakeFiles/demo.dir/compactUnitaryTimer.c.o
[100%] Linking C executable demo
[100%] Built target demo
Total program execution: 719.945802 s
Total program execution: 719.946504 s
Total program execution: 719.980046 s
Total program execution: 719.946188 s
Total program execution: 719.946375 s
Total program execution: 719.946957 s
Total program execution: 719.980271 s
Total program execution: 719.980410 s
Total program execution: 719.980472 s
Total program execution: 719.980593 s
Total program execution: 719.947390 s
Total program execution: 719.948052 s
Total program execution: 719.948140 s
Total program execution: 719.907980 s
Total program execution: 719.947624 s
Total program execution: 719.948116 s
Total program execution: 719.981115 s
Total program execution: 719.908320 s
Total program execution: 719.948372 s
Total program execution: 719.948026 s
Total program execution: 719.909176 s
Total program execution: 719.909424 s
Total program execution: 719.980699 s
Total program execution: 719.947055 s
Total program execution: 720.021360 s
Total program execution: 719.988065 s
Total program execution: 719.988222 s
Total program execution: 719.949278 s
Total program execution: 719.949886 s
Total program execution: 719.949623 s
Total program execution: 719.990418 s
Total program execution: 719.947332 s
Total program execution: 719.980135 s
Total program execution: 719.945900 s
Total program execution: 719.980571 s
Total program execution: 719.946609 s
Total program execution: 719.909482 s
Total program execution: 719.946283 s
Total program execution: 719.948468 s
Total program execution: 719.980510 s
Total program execution: 719.948229 s
Total program execution: 719.980366 s
Total program execution: 719.981221 s
Total program execution: 719.947716 s
Total program execution: 719.908075 s
Total program execution: 719.908412 s
Total program execution: 719.948156 s
Total program execution: 719.909269 s
Total program execution: 719.948092 s
Total program execution: 719.946465 s
Total program execution: 719.948197 s
Total program execution: 719.991309 s
Total program execution: 720.024966 s
QUBITS:
Number of qubits is 35.
Number of amps is 34359738368.
Number of amps per rank is 536870912.
EXECUTION ENVIRONMENT:
Running distributed (MPI) version
Number of ranks is 64
OpenMP enabled
Number of threads available is 64
Precision: size of qreal is 8 bytes
Applied random circuit
VERIFICATION: norm error = -2.380318e-13
Total program execution: 719.957020 s
Total program execution: 720.021536 s
Total program execution: 719.949970 s
Total program execution: 719.990515 s
Total program execution: 719.949361 s
Total program execution: 719.991223 s
Total program execution: 719.949691 s
Total program execution: 719.988174 s
Total program execution: 720.025097 s
Total program execution: 719.988313 s
Total program execution: 719.957077 s
